#
# A fatal error has been detected by the Java Runtime Environment:
#
#  SIGBUS (0x7) at pc=0x00007f5e59f85bb6, pid=494, tid=683
#
# JRE version: OpenJDK Runtime Environment Temurin-17.0.4.1+1 (17.0.4.1+1) (build 17.0.4.1+1)
# Java VM: OpenJDK 64-Bit Server VM Temurin-17.0.4.1+1 (17.0.4.1+1, mixed mode, tiered, compressed oops, compressed class ptrs, parallel gc, linux-amd64)
# Problematic frame:
# C  [libjimage.so+0x4bb6]  ImageDecompressor::decompress_resource(unsigned char*, unsigned char*, unsigned long long, ImageStrings const*, Endian*)+0x26
#
# No core dump will be written. Core dumps have been disabled. To enable core dumping, try "ulimit -c unlimited" before starting Java again
#
# If you would like to submit a bug report, please visit:
#   https://github.com/adoptium/adoptium-support/issues
#

---------------  S U M M A R Y ------------

Command Line: --add-modules=ALL-SYSTEM --add-opens=java.base/java.util=ALL-UNNAMED --add-opens=java.base/java.lang=ALL-UNNAMED --add-opens=java.base/sun.nio.fs=ALL-UNNAMED -Declipse.application=org.eclipse.jdt.ls.core.id1 -Dosgi.bundles.defaultStartLevel=4 -Declipse.product=org.eclipse.jdt.ls.core.product -Djava.import.generatesMetadataFilesAtProjectRoot=false -Dfile.encoding=utf8 -XX:+UseParallelGC -XX:GCTimeRatio=4 -XX:AdaptiveSizePolicyWeight=90 -Dsun.zip.disableMemoryMapping=true -Xmx1G -Xms100m -Xlog:disable -javaagent:/home/vscode/.vscode-server/extensions/redhat.java-1.12.0-linux-x64/lombok/lombok-1.18.24.jar -XX:+HeapDumpOnOutOfMemoryError -XX:HeapDumpPath=/home/vscode/.vscode-server/data/User/workspaceStorage/9e66861a7515512069304c736116e732/redhat.java /home/vscode/.vscode-server/extensions/redhat.java-1.12.0-linux-x64/server/plugins/org.eclipse.equinox.launcher_1.6.400.v20210924-0641.jar -configuration /home/vscode/.vscode-server/data/User/globalStorage/redhat.java/1.12.0/config_linux -data /home/vscode/.vscode-server/data/User/workspaceStorage/9e66861a7515512069304c736116e732/redhat.java/jdt_ws

Host: Intel(R) Core(TM) i7-4700HQ CPU @ 2.40GHz, 8 cores, 12G, Debian GNU/Linux 10 (buster)
Time: Sun Dec  4 03:21:03 2022 UTC elapsed time: 45.922600 seconds (0d 0h 0m 45s)

---------------  T H R E A D  ---------------

Current thread (0x00007f5e5469f360):  JavaThread "pool-1-thread-1" [_thread_in_vm, id=683, stack(0x00007f5dc2dfe000,0x00007f5dc2eff000)]

Stack: [0x00007f5dc2dfe000,0x00007f5dc2eff000],  sp=0x00007f5dc2efbad0,  free space=1014k
Native frames: (J=compiled Java code, j=interpreted, Vv=VM code, C=native code)
C  [libjimage.so+0x4bb6]  ImageDecompressor::decompress_resource(unsigned char*, unsigned char*, unsigned long long, ImageStrings const*, Endian*)+0x26
C  [libjimage.so+0x601e]  ImageFileReader::get_resource(ImageLocation&, unsigned char*) const+0x6e
C  [libjimage.so+0x6281]  ImageFileReader::get_resource(unsigned int, unsigned char*) const+0x51
C  [libjimage.so+0x6412]  JIMAGE_GetResource+0x12
V  [libjvm.so+0x580f37]
V  [libjvm.so+0x58501c]
V  [libjvm.so+0xe10f73]
V  [libjvm.so+0xe0f558]
V  [libjvm.so+0xe100e8]
V  [libjvm.so+0xe10589]
V  [libjvm.so+0x575f99]
V  [libjvm.so+0x57bff5]
V  [libjvm.so+0x57cd1e]
V  [libjvm.so+0xa509f0]
V  [libjvm.so+0x585083]
V  [libjvm.so+0xe10f73]
V  [libjvm.so+0xe0f558]
V  [libjvm.so+0xe100e8]
V  [libjvm.so+0xe11776]
V  [libjvm.so+0x5f8c2b]
V  [libjvm.so+0x5f98b6]
V  [libjvm.so+0xa83a1c]
V  [libjvm.so+0xa8a66f]
V  [libjvm.so+0x81a062]
V  [libjvm.so+0x81a587]
j  java.util.logging.SimpleFormatter.format(Ljava/util/logging/LogRecord;)Ljava/lang/String;+7 java.logging@17.0.4.1
j  java.util.logging.StreamHandler.publish(Ljava/util/logging/LogRecord;)V+14 java.logging@17.0.4.1
j  java.util.logging.ConsoleHandler.publish(Ljava/util/logging/LogRecord;)V+2 java.logging@17.0.4.1
j  java.util.logging.Logger.log(Ljava/util/logging/LogRecord;)V+90 java.logging@17.0.4.1
j  java.util.logging.Logger.doLog(Ljava/util/logging/LogRecord;)V+46 java.logging@17.0.4.1
j  java.util.logging.Logger.log(Ljava/util/logging/Level;Ljava/lang/String;Ljava/lang/Throwable;)V+29 java.logging@17.0.4.1
j  org.eclipse.lsp4j.jsonrpc.RemoteEndpoint.handleNotification(Lorg/eclipse/lsp4j/jsonrpc/messages/NotificationMessage;)V+55
j  org.eclipse.lsp4j.jsonrpc.RemoteEndpoint.consume(Lorg/eclipse/lsp4j/jsonrpc/messages/Message;)V+14
j  org.eclipse.jdt.ls.core.internal.ParentProcessWatcher.lambda$0(Lorg/eclipse/lsp4j/jsonrpc/MessageConsumer;Lorg/eclipse/lsp4j/jsonrpc/messages/Message;)V+9
j  org.eclipse.jdt.ls.core.internal.ParentProcessWatcher$$Lambda$181+0x00000001003f6630.consume(Lorg/eclipse/lsp4j/jsonrpc/messages/Message;)V+9
j  org.eclipse.lsp4j.jsonrpc.json.StreamMessageProducer.handleMessage(Ljava/io/InputStream;Lorg/eclipse/lsp4j/jsonrpc/json/StreamMessageProducer$Headers;)Z+99
j  org.eclipse.lsp4j.jsonrpc.json.StreamMessageProducer.listen(Lorg/eclipse/lsp4j/jsonrpc/MessageConsumer;)V+158
j  org.eclipse.lsp4j.jsonrpc.json.ConcurrentMessageProcessor.run()V+12
j  java.util.concurrent.Executors$RunnableAdapter.call()Ljava/lang/Object;+4 java.base@17.0.4.1
j  java.util.concurrent.FutureTask.run()V+39 java.base@17.0.4.1
j  java.util.concurrent.ThreadPoolExecutor.runWorker(Ljava/util/concurrent/ThreadPoolExecutor$Worker;)V+92 java.base@17.0.4.1
j  java.util.concurrent.ThreadPoolExecutor$Worker.run()V+5 java.base@17.0.4.1
j  java.lang.Thread.run()V+11 java.base@17.0.4.1
v  ~StubRoutines::call_stub
V  [libjvm.so+0x81f615]
V  [libjvm.so+0x820e0b]
V  [libjvm.so+0x8eb2e3]
V  [libjvm.so+0xe59214]
V  [libjvm.so+0xe5c99e]
V  [libjvm.so+0xc16351]

Java frames: (J=compiled Java code, j=interpreted, Vv=VM code)
j  java.util.logging.SimpleFormatter.format(Ljava/util/logging/LogRecord;)Ljava/lang/String;+7 java.logging@17.0.4.1
j  java.util.logging.StreamHandler.publish(Ljava/util/logging/LogRecord;)V+14 java.logging@17.0.4.1
j  java.util.logging.ConsoleHandler.publish(Ljava/util/logging/LogRecord;)V+2 java.logging@17.0.4.1
j  java.util.logging.Logger.log(Ljava/util/logging/LogRecord;)V+90 java.logging@17.0.4.1
j  java.util.logging.Logger.doLog(Ljava/util/logging/LogRecord;)V+46 java.logging@17.0.4.1
j  java.util.logging.Logger.log(Ljava/util/logging/Level;Ljava/lang/String;Ljava/lang/Throwable;)V+29 java.logging@17.0.4.1
j  org.eclipse.lsp4j.jsonrpc.RemoteEndpoint.handleNotification(Lorg/eclipse/lsp4j/jsonrpc/messages/NotificationMessage;)V+55
j  org.eclipse.lsp4j.jsonrpc.RemoteEndpoint.consume(Lorg/eclipse/lsp4j/jsonrpc/messages/Message;)V+14
j  org.eclipse.jdt.ls.core.internal.ParentProcessWatcher.lambda$0(Lorg/eclipse/lsp4j/jsonrpc/MessageConsumer;Lorg/eclipse/lsp4j/jsonrpc/messages/Message;)V+9
j  org.eclipse.jdt.ls.core.internal.ParentProcessWatcher$$Lambda$181+0x00000001003f6630.consume(Lorg/eclipse/lsp4j/jsonrpc/messages/Message;)V+9
j  org.eclipse.lsp4j.jsonrpc.json.StreamMessageProducer.handleMessage(Ljava/io/InputStream;Lorg/eclipse/lsp4j/jsonrpc/json/StreamMessageProducer$Headers;)Z+99
j  org.eclipse.lsp4j.jsonrpc.json.StreamMessageProducer.listen(Lorg/eclipse/lsp4j/jsonrpc/MessageConsumer;)V+158
j  org.eclipse.lsp4j.jsonrpc.json.ConcurrentMessageProcessor.run()V+12
j  java.util.concurrent.Executors$RunnableAdapter.call()Ljava/lang/Object;+4 java.base@17.0.4.1
j  java.util.concurrent.FutureTask.run()V+39 java.base@17.0.4.1
j  java.util.concurrent.ThreadPoolExecutor.runWorker(Ljava/util/concurrent/ThreadPoolExecutor$Worker;)V+92 java.base@17.0.4.1
j  java.util.concurrent.ThreadPoolExecutor$Worker.run()V+5 java.base@17.0.4.1
j  java.lang.Thread.run()V+11 java.base@17.0.4.1
v  ~StubRoutines::call_stub

siginfo: si_signo: 7 (SIGBUS), si_code: 2 (BUS_ADRERR), si_addr: 0x00007f5e517df1a2

Register to memory mapping:

RAX=0x000000000009ada9 is an unknown value
RBX=0x00007f5e54002090 points into unknown readable memory: 0x00007f5e54002110 | 10 21 00 54 5e 7f 00 00
RCX=0x00007f5dc2efbb60 is pointing into the stack for thread: 0x00007f5e5469f360
RDX=0x00000000000024cf is an unknown value
RSP=0x00007f5dc2efbad0 is pointing into the stack for thread: 0x00007f5e5469f360
RBP=0x00007f5dc2efbb40 is pointing into the stack for thread: 0x00007f5e5469f360
RSI=0x00007f5db00835d0 points into unknown readable memory: 0x7361622e6176616a | 6a 61 76 61 2e 62 61 73
RDI=0x00007f5e517df19a is an unknown value
R8 =0x00007f5e59fa0010: <offset 0x000000000001f010> in /home/vscode/.vscode-server/extensions/redhat.java-1.12.0-linux-x64/jre/17.0.4.1-linux-x86_64/lib/libjimage.so at 0x00007f5e59f81000
R9 =0x00007f5dc2efbbb0 is pointing into the stack for thread: 0x00007f5e5469f360
R10=0x00007f5e5144e44f points into unknown readable memory: 00
R11=0x00007f5e54002090 points into unknown readable memory: 0x00007f5e54002110 | 10 21 00 54 5e 7f 00 00
R12=0x00007f5dc2efbb60 is pointing into the stack for thread: 0x00007f5e5469f360
R13=0x00007f5e517df19a is an unknown value
R14=0x00007f5e517df19a is an unknown value
R15=0x00007f5dc2efbae0 is pointing into the stack for thread: 0x00007f5e5469f360


Registers:
RAX=0x000000000009ada9, RBX=0x00007f5e54002090, RCX=0x00007f5dc2efbb60, RDX=0x00000000000024cf
RSP=0x00007f5dc2efbad0, RBP=0x00007f5dc2efbb40, RSI=0x00007f5db00835d0, RDI=0x00007f5e517df19a
R8 =0x00007f5e59fa0010, R9 =0x00007f5dc2efbbb0, R10=0x00007f5e5144e44f, R11=0x00007f5e54002090
R12=0x00007f5dc2efbb60, R13=0x00007f5e517df19a, R14=0x00007f5e517df19a, R15=0x00007f5dc2efbae0
RIP=0x00007f5e59f85bb6, EFLAGS=0x0000000000010202, CSGSFS=0x002b000000000033, ERR=0x0000000000000004
  TRAPNO=0x000000000000000e

Top of Stack: (sp=0x00007f5dc2efbad0)
0x00007f5dc2efbad0:   00000000000024cf 00007f5db00835d0
0x00007f5dc2efbae0:   00007f5dc2efbb50 000000000000000a
0x00007f5dc2efbaf0:   0000000000000010 00007f5e5a5f2525
0x00007f5dc2efbb00:   0000000000000001 00007f5db00702d0 

Instructions: (pc=0x00007f5e59f85bb6)
0x00007f5e59f85ab6:   00 00 c3 90 66 0f 1f 44 00 00 55 48 83 3d 9f a5
0x00007f5e59f85ac6:   01 00 00 48 89 e5 41 56 41 55 49 89 fd 41 54 53
0x00007f5e59f85ad6:   74 68 8b 05 92 a5 01 00 85 c0 7e 46 48 8b 1d 7f
0x00007f5e59f85ae6:   a5 01 00 83 e8 01 4c 8d 74 c3 08 eb 0e 0f 1f 44
0x00007f5e59f85af6:   00 00 48 83 c3 08 4c 39 f3 74 27 4c 8b 23 4c 89
0x00007f5e59f85b06:   ee 49 8b 7c 24 08 e8 0f f6 ff ff 85 c0 75 e3 5b
0x00007f5e59f85b16:   4c 89 e0 41 5c 41 5d 41 5e 5d c3 0f 1f 80 00 00
0x00007f5e59f85b26:   00 00 45 31 e4 5b 4c 89 e0 41 5c 41 5d 41 5e 5d
0x00007f5e59f85b36:   c3 66 0f 1f 84 00 00 00 00 00 e8 8b fe ff ff eb
0x00007f5e59f85b46:   91 90 0f 1f 84 00 00 00 00 00 0f b6 47 04 48 63
0x00007f5e59f85b56:   17 48 c1 e0 20 48 09 d0 0f b6 57 05 48 c1 e2 28
0x00007f5e59f85b66:   48 09 d0 0f b6 57 06 48 c1 e2 30 48 09 d0 0f b6
0x00007f5e59f85b76:   57 07 48 c1 e2 38 48 09 d0 c3 8b 07 c3 90 66 66
0x00007f5e59f85b86:   2e 0f 1f 84 00 00 00 00 00 90 55 48 89 e5 41 57
0x00007f5e59f85b96:   41 56 4c 8d 7d a0 49 89 fe 41 55 49 89 fd 41 54
0x00007f5e59f85ba6:   49 89 cc 53 48 83 ec 48 48 89 75 98 48 89 55 90
0x00007f5e59f85bb6:   41 0f b6 46 08 49 63 4e 04 41 0f b6 7e 10 41 8b
0x00007f5e59f85bc6:   16 48 c1 e0 20 48 09 c8 41 0f b6 4e 09 48 c1 e7
0x00007f5e59f85bd6:   20 89 55 a0 48 c1 e1 28 48 09 c8 41 0f b6 4e 0a
0x00007f5e59f85be6:   48 c1 e1 30 48 09 c8 41 0f b6 4e 0b 48 c1 e1 38
0x00007f5e59f85bf6:   48 09 c8 49 8b 4e 14 48 89 45 a8 49 63 46 0c 48
0x00007f5e59f85c06:   89 4d b8 48 09 c7 41 0f b6 46 11 48 c1 e0 28 48
0x00007f5e59f85c16:   09 c7 41 0f b6 46 12 48 c1 e0 30 48 09 c7 41 0f
0x00007f5e59f85c26:   b6 46 13 48 c1 e0 38 48 09 c7 41 0f b6 46 1c 48
0x00007f5e59f85c36:   89 7d b0 88 45 c0 81 fa fa fa fe ca 74 2c 48 8b
0x00007f5e59f85c46:   55 90 48 8b 7d 98 4c 89 f6 e8 bc f4 ff ff 4d 85
0x00007f5e59f85c56:   f6 74 5f 48 83 c4 48 4c 89 f7 5b 41 5c 41 5d 41
0x00007f5e59f85c66:   5e 41 5f 5d e9 21 1c 00 00 90 e8 9b 28 00 00 8b
0x00007f5e59f85c76:   7d b8 49 03 3c 24 48 89 c3 e8 3c fe ff ff 49 8d
0x00007f5e59f85c86:   76 1d 4d 89 e0 4c 89 f9 48 89 c7 48 8b 00 48 89
0x00007f5e59f85c96:   da ff 10 4d 85 f6 74 0d 4d 39 ee 74 08 4c 89 f7
0x00007f5e59f85ca6:   e8 e5 1b 00 00 49 89 de e9 03 ff ff ff 0f 1f 44 


Stack slot to memory mapping:
stack at sp + 0 slots: 0x00000000000024cf is an unknown value
stack at sp + 1 slots: 0x00007f5db00835d0 points into unknown readable memory: 0x7361622e6176616a | 6a 61 76 61 2e 62 61 73
stack at sp + 2 slots: 0x00007f5dc2efbb50 is pointing into the stack for thread: 0x00007f5e5469f360
stack at sp + 3 slots: 0x000000000000000a is an unknown value
stack at sp + 4 slots: 0x0000000000000010 is an unknown value
stack at sp + 5 slots: 0x00007f5e5a5f2525: <offset 0x00000000003c3525> in /home/vscode/.vscode-server/extensions/redhat.java-1.12.0-linux-x64/jre/17.0.4.1-linux-x86_64/lib/server/libjvm.so at 0x00007f5e5a22f000
stack at sp + 6 slots: 0x0000000000000001 is an unknown value
stack at sp + 7 slots: 0x00007f5db00702d0 points into unknown readable memory: 0x616a002acd4c0000 | 00 00 4c cd 2a 00 6a 61


---------------  P R O C E S S  ---------------

Threads class SMR info:
_java_thread_list=0x00007f5e143c69f0, length=27, elements={
0x00007f5e54025e10, 0x00007f5e541e4aa0, 0x00007f5e541e6010, 0x00007f5e5420c5b0,
0x00007f5e5420ff20, 0x00007f5e54210e10, 0x00007f5e54212460, 0x00007f5e54213910,
0x00007f5e5421cd40, 0x00007f5e542a26a0, 0x00007f5e543993b0, 0x00007f5e544633b0,
0x00007f5e54561370, 0x00007f5e5436c4a0, 0x00007f5e5436ed50, 0x00007f5ddc033aa0,
0x00007f5ddc285f10, 0x00007f5ddc357dc0, 0x00007f5ddc35d1e0, 0x00007f5ddcb08550,
0x00007f5dc4001110, 0x00007f5e54612050, 0x00007f5e5469f360, 0x00007f5db8000e30,
0x00007f5db008d0a0, 0x00007f5e145ded20, 0x00007f5e145df480
}

Java Threads: ( => current thread )
  0x00007f5e54025e10 JavaThread "main" [_thread_blocked, id=495, stack(0x00007f5e59fa1000,0x00007f5e5a0a2000)]
  0x00007f5e541e4aa0 JavaThread "Reference Handler" daemon [_thread_blocked, id=501, stack(0x00007f5e3b1f1000,0x00007f5e3b2f2000)]
  0x00007f5e541e6010 JavaThread "Finalizer" daemon [_thread_blocked, id=502, stack(0x00007f5e3b0f0000,0x00007f5e3b1f1000)]
  0x00007f5e5420c5b0 JavaThread "Signal Dispatcher" daemon [_thread_blocked, id=509, stack(0x00007f5e3afef000,0x00007f5e3b0f0000)]
  0x00007f5e5420ff20 JavaThread "Service Thread" daemon [_thread_blocked, id=510, stack(0x00007f5e3aeee000,0x00007f5e3afef000)]
  0x00007f5e54210e10 JavaThread "Monitor Deflation Thread" daemon [_thread_blocked, id=511, stack(0x00007f5e3aded000,0x00007f5e3aeee000)]
  0x00007f5e54212460 JavaThread "C2 CompilerThread0" daemon [_thread_blocked, id=512, stack(0x00007f5e3acec000,0x00007f5e3aded000)]
  0x00007f5e54213910 JavaThread "C1 CompilerThread0" daemon [_thread_blocked, id=513, stack(0x00007f5e3abeb000,0x00007f5e3acec000)]
  0x00007f5e5421cd40 JavaThread "Sweeper thread" daemon [_thread_blocked, id=514, stack(0x00007f5e3aaea000,0x00007f5e3abeb000)]
  0x00007f5e542a26a0 JavaThread "Common-Cleaner" daemon [_thread_blocked, id=526, stack(0x00007f5e3a9e9000,0x00007f5e3aaea000)]
  0x00007f5e543993b0 JavaThread "Notification Thread" daemon [_thread_blocked, id=539, stack(0x00007f5e3a8e8000,0x00007f5e3a9e9000)]
  0x00007f5e544633b0 JavaThread "process reaper" daemon [_thread_blocked, id=553, stack(0x00007f5e59451000,0x00007f5e59473000)]
  0x00007f5e54561370 JavaThread "Active Thread: Equinox Container: 74599030-b6b2-478b-b821-213d84f3d684" [_thread_blocked, id=587, stack(0x00007f5e3a6e5000,0x00007f5e3a7e6000)]
  0x00007f5e5436c4a0 JavaThread "Framework Event Dispatcher: Equinox Container: 74599030-b6b2-478b-b821-213d84f3d684" daemon [_thread_blocked, id=593, stack(0x00007f5e396f7000,0x00007f5e397f8000)]
  0x00007f5e5436ed50 JavaThread "Start Level: Equinox Container: 74599030-b6b2-478b-b821-213d84f3d684" daemon [_thread_blocked, id=594, stack(0x00007f5e395f6000,0x00007f5e396f7000)]
  0x00007f5ddc033aa0 JavaThread "SCR Component Actor" daemon [_thread_blocked, id=596, stack(0x00007f5e3a5e4000,0x00007f5e3a6e5000)]
  0x00007f5ddc285f10 JavaThread "Worker-JM" [_thread_blocked, id=629, stack(0x00007f5e386ff000,0x00007f5e38800000)]
  0x00007f5ddc357dc0 JavaThread "Worker-0" [_thread_blocked, id=635, stack(0x00007f5e385fe000,0x00007f5e386ff000)]
  0x00007f5ddc35d1e0 JavaThread "Worker-1" [_thread_blocked, id=636, stack(0x00007f5e384fd000,0x00007f5e385fe000)]
  0x00007f5ddcb08550 JavaThread "Java indexing" daemon [_thread_blocked, id=652, stack(0x00007f5e381fa000,0x00007f5e382fb000)]
  0x00007f5dc4001110 JavaThread "Worker-2" [_thread_blocked, id=653, stack(0x00007f5e380f9000,0x00007f5e381fa000)]
  0x00007f5e54612050 JavaThread "pool-2-thread-1" [_thread_blocked, id=679, stack(0x00007f5e382fb000,0x00007f5e383fc000)]
=>0x00007f5e5469f360 JavaThread "pool-1-thread-1" [_thread_in_vm, id=683, stack(0x00007f5dc2dfe000,0x00007f5dc2eff000)]
  0x00007f5db8000e30 JavaThread "Worker-3" [_thread_blocked, id=690, stack(0x00007f5dc2eff000,0x00007f5dc3000000)]
  0x00007f5db008d0a0 JavaThread "ForkJoinPool.commonPool-worker-1" daemon [_thread_blocked, id=734, stack(0x00007f5e383fc000,0x00007f5e384fd000)]
  0x00007f5e145ded20 JavaThread "C2 CompilerThread1" daemon [_thread_blocked, id=759, stack(0x00007f5dc2cfd000,0x00007f5dc2dfe000)]
  0x00007f5e145df480 JavaThread "C2 CompilerThread2" daemon [_thread_in_native, id=760, stack(0x00007f5e390df000,0x00007f5e391e0000)]

Other Threads:
  0x00007f5e541d4ed0 VMThread "VM Thread" [stack: 0x00007f5e3b2f4000,0x00007f5e3b3f4000] [id=500] _threads_hazard_ptr=0x00007f5e143c69f0
  0x00007f5e5406ff20 WatcherThread [stack: 0x00007f5e3a7e8000,0x00007f5e3a8e8000] [id=540]
  0x00007f5e5403c9a0 GCTaskThread "GC Thread#0" [stack: 0x00007f5e59a46000,0x00007f5e59b46000] [id=497]
  0x00007f5e340010e0 GCTaskThread "GC Thread#1" [stack: 0x00007f5e3a4e4000,0x00007f5e3a5e4000] [id=574]
  0x00007f5e34002ca0 GCTaskThread "GC Thread#2" [stack: 0x00007f5e39b00000,0x00007f5e39c00000] [id=579]
  0x00007f5e340033a0 GCTaskThread "GC Thread#3" [stack: 0x00007f5e399fe000,0x00007f5e39afe000] [id=580]
  0x00007f5e34003b90 GCTaskThread "GC Thread#4" [stack: 0x00007f5e398fc000,0x00007f5e399fc000] [id=581]
  0x00007f5e34004380 GCTaskThread "GC Thread#5" [stack: 0x00007f5e397fa000,0x00007f5e398fa000] [id=582]
  0x00007f5e34005160 GCTaskThread "GC Thread#6" [stack: 0x00007f5e392e4000,0x00007f5e393e4000] [id=605]
  0x00007f5e34005aa0 GCTaskThread "GC Thread#7" [stack: 0x00007f5e391e2000,0x00007f5e392e2000] [id=606]

Threads with active compile tasks:
C2 CompilerThread2    47365 6228   !   4       org.eclipse.osgi.internal.loader.classpath.ClasspathManager::defineClass (636 bytes)

VM state: synchronizing (normal execution)

VM Mutex/Monitor currently owned by a thread:  ([mutex/lock_event])
[0x00007f5e54022670] Threads_lock - owner thread: 0x00007f5e541d4ed0

Heap address: 0x00000000c0000000, size: 1024 MB, Compressed Oops mode: 32-bit

CDS archive(s) not mapped
Compressed class space mapped at: 0x0000000100000000-0x0000000140000000, reserved size: 1073741824
Narrow klass base: 0x0000000000000000, Narrow klass shift: 3, Narrow klass range: 0x140000000

GC Precious Log:
 CPUs: 8 total, 8 available
 Memory: 12716M
 Large Page Support: Disabled
 NUMA Support: Disabled
 Compressed Oops: Enabled (32-bit)
 Alignments: Space 512K, Generation 512K, Heap 2M
 Heap Min Capacity: 100M
 Heap Initial Capacity: 100M
 Heap Max Capacity: 1G
 Pre-touch: Disabled
 Parallel Workers: 8

Heap:
 PSYoungGen      total 19968K, used 14896K [0x00000000eab00000, 0x00000000ec100000, 0x0000000100000000)
  eden space 18432K, 73% used [0x00000000eab00000,0x00000000eb830138,0x00000000ebd00000)
  from space 1536K, 90% used [0x00000000ebd00000,0x00000000ebe5c010,0x00000000ebe80000)
  to   space 2048K, 0% used [0x00000000ebf00000,0x00000000ebf00000,0x00000000ec100000)
 ParOldGen       total 68608K, used 25157K [0x00000000c0000000, 0x00000000c4300000, 0x00000000eab00000)
  object space 68608K, 36% used [0x00000000c0000000,0x00000000c18917b0,0x00000000c4300000)
 Metaspace       used 55668K, committed 56704K, reserved 1105920K
  class space    used 6124K, committed 6592K, reserved 1048576K

Card table byte_map: [0x00007f5e59b46000,0x00007f5e59d47000] _byte_map_base: 0x00007f5e59546000

Marking Bits: (ParMarkBitMap*) 0x00007f5e5b543520
 Begin Bits: [0x00007f5e403f0000, 0x00007f5e413f0000)
 End Bits:   [0x00007f5e413f0000, 0x00007f5e423f0000)

Polling page: 0x00007f5e5b786000

Metaspace:

Usage:
  Non-class:     48.38 MB used.
      Class:      5.98 MB used.
       Both:     54.36 MB used.

Virtual space:
  Non-class space:       56.00 MB reserved,      48.94 MB ( 87%) committed,  7 nodes.
      Class space:        1.00 GB reserved,       6.44 MB ( <1%) committed,  1 nodes.
             Both:        1.05 GB reserved,      55.38 MB (  5%) committed. 

Chunk freelists:
   Non-Class:  2.92 MB
       Class:  1.45 MB
        Both:  4.38 MB

MaxMetaspaceSize: unlimited
CompressedClassSpaceSize: 1.00 GB
Initial GC threshold: 21.00 MB
Current GC threshold: 58.38 MB
CDS: off
MetaspaceReclaimPolicy: balanced
 - commit_granule_bytes: 65536.
 - commit_granule_words: 8192.
 - virtual_space_node_default_size: 1048576.
 - enlarge_chunks_in_place: 1.
 - new_chunks_are_fully_committed: 0.
 - uncommit_free_chunks: 1.
 - use_allocation_guard: 0.
 - handle_deallocations: 1.


Internal statistics:

num_allocs_failed_limit: 6.
num_arena_births: 666.
num_arena_deaths: 14.
num_vsnodes_births: 8.
num_vsnodes_deaths: 0.
num_space_committed: 886.
num_space_uncommitted: 0.
num_chunks_returned_to_freelist: 20.
num_chunks_taken_from_freelist: 2620.
num_chunk_merges: 10.
num_chunk_splits: 1683.
num_chunks_enlarged: 989.
num_purges: 2.
num_inconsistent_stats: 0.

CodeHeap 'non-profiled nmethods': size=120028Kb used=2703Kb max_used=2703Kb free=117324Kb
 bounds [0x00007f5e49eb9000, 0x00007f5e4a169000, 0x00007f5e513f0000]
CodeHeap 'profiled nmethods': size=120028Kb used=10092Kb max_used=11012Kb free=109935Kb
 bounds [0x00007f5e42982000, 0x00007f5e43462000, 0x00007f5e49eb9000]
CodeHeap 'non-nmethods': size=5704Kb used=1309Kb max_used=1388Kb free=4394Kb
 bounds [0x00007f5e423f0000, 0x00007f5e42660000, 0x00007f5e42982000]
 total_blobs=5958 nmethods=5316 adapters=557
 compilation: enabled
              stopped_count=0, restarted_count=0
 full_count=0

Compilation events (20 events):
Event: 45.799 Thread 0x00007f5e54213910 6243       3       org.eclipse.core.runtime.Path::removeTrailingSeparator (32 bytes)
Event: 45.799 Thread 0x00007f5e54213910 nmethod 6243 0x00007f5e42a5c190 code [0x00007f5e42a5c340, 0x00007f5e42a5c600]
Event: 45.802 Thread 0x00007f5e54213910 6248       1       java.nio.charset.Charset::name (5 bytes)
Event: 45.802 Thread 0x00007f5e54213910 nmethod 6248 0x00007f5e4a15a290 code [0x00007f5e4a15a420, 0x00007f5e4a15a4f0]
Event: 45.803 Thread 0x00007f5e145df480 6228   !   4       org.eclipse.osgi.internal.loader.classpath.ClasspathManager::defineClass (636 bytes)
Event: 45.803 Thread 0x00007f5e145ded20 6247       4       java.util.concurrent.ConcurrentHashMap::put (8 bytes)
Event: 45.804 Thread 0x00007f5e145ded20 nmethod 6247 0x00007f5e4a15a590 code [0x00007f5e4a15a720, 0x00007f5e4a15a7c8]
Event: 45.804 Thread 0x00007f5e145ded20 6249       4       jdk.internal.jimage.ImageLocation::readValue (61 bytes)
Event: 45.805 Thread 0x00007f5e54212460 nmethod 6229% 0x00007f5e4a15a890 code [0x00007f5e4a15aa20, 0x00007f5e4a15ad48]
Event: 45.805 Thread 0x00007f5e54212460 6245       4       java.io.DataInputStream::readUTF (5 bytes)
Event: 45.812 Thread 0x00007f5e54212460 nmethod 6245 0x00007f5e4a15af90 code [0x00007f5e4a15b120, 0x00007f5e4a15b1c8]
Event: 45.813 Thread 0x00007f5e54213910 6251       3       com.google.gson.internal.bind.TypeAdapterRuntimeTypeWrapper::<init> (20 bytes)
Event: 45.813 Thread 0x00007f5e54213910 nmethod 6251 0x00007f5e42a5bd10 code [0x00007f5e42a5bec0, 0x00007f5e42a5c0b0]
Event: 45.813 Thread 0x00007f5e54212460 6250       4       java.util.ArrayList::toArray (57 bytes)
Event: 45.813 Thread 0x00007f5e54213910 6252       3       com.google.gson.stream.JsonWriter::beforeValue (134 bytes)
Event: 45.815 Thread 0x00007f5e54213910 nmethod 6252 0x00007f5e42a5ae10 code [0x00007f5e42a5b080, 0x00007f5e42a5b9c0]
Event: 45.815 Thread 0x00007f5e54213910 6253       3       com.google.gson.internal.bind.ReflectiveTypeAdapterFactory$1::writeField (29 bytes)
Event: 45.816 Thread 0x00007f5e54213910 nmethod 6253 0x00007f5e42af0010 code [0x00007f5e42af0200, 0x00007f5e42af05f0]
Event: 45.816 Thread 0x00007f5e54213910 6254       3       com.google.gson.internal.bind.ReflectiveTypeAdapterFactory$1::write (55 bytes)
Event: 45.817 Thread 0x00007f5e54213910 nmethod 6254 0x00007f5e42aef510 code [0x00007f5e42aef720, 0x00007f5e42aefd80]

GC Heap History (20 events):
Event: 20.605 GC heap before
{Heap before GC invocations=12 (full 2):
 PSYoungGen      total 25600K, used 23040K [0x00000000eab00000, 0x00000000ec880000, 0x0000000100000000)
  eden space 23040K, 100% used [0x00000000eab00000,0x00000000ec180000,0x00000000ec180000)
  from space 2560K, 0% used [0x00000000ec180000,0x00000000ec180000,0x00000000ec400000)
  to   space 3072K, 0% used [0x00000000ec580000,0x00000000ec580000,0x00000000ec880000)
 ParOldGen       total 68608K, used 12126K [0x00000000c0000000, 0x00000000c4300000, 0x00000000eab00000)
  object space 68608K, 17% used [0x00000000c0000000,0x00000000c0bd7950,0x00000000c4300000)
 Metaspace       used 37462K, committed 38272K, reserved 1089536K
  class space    used 3979K, committed 4352K, reserved 1048576K
}
Event: 20.615 GC heap after
{Heap after GC invocations=12 (full 2):
 PSYoungGen      total 23552K, used 928K [0x00000000eab00000, 0x00000000ec680000, 0x0000000100000000)
  eden space 22528K, 0% used [0x00000000eab00000,0x00000000eab00000,0x00000000ec100000)
  from space 1024K, 90% used [0x00000000ec580000,0x00000000ec668000,0x00000000ec680000)
  to   space 1536K, 0% used [0x00000000ec380000,0x00000000ec380000,0x00000000ec500000)
 ParOldGen       total 68608K, used 12134K [0x00000000c0000000, 0x00000000c4300000, 0x00000000eab00000)
  object space 68608K, 17% used [0x00000000c0000000,0x00000000c0bd9950,0x00000000c4300000)
 Metaspace       used 37462K, committed 38272K, reserved 1089536K
  class space    used 3979K, committed 4352K, reserved 1048576K
}
Event: 22.361 GC heap before
{Heap before GC invocations=13 (full 2):
 PSYoungGen      total 23552K, used 23456K [0x00000000eab00000, 0x00000000ec680000, 0x0000000100000000)
  eden space 22528K, 100% used [0x00000000eab00000,0x00000000ec100000,0x00000000ec100000)
  from space 1024K, 90% used [0x00000000ec580000,0x00000000ec668000,0x00000000ec680000)
  to   space 1536K, 0% used [0x00000000ec380000,0x00000000ec380000,0x00000000ec500000)
 ParOldGen       total 68608K, used 12134K [0x00000000c0000000, 0x00000000c4300000, 0x00000000eab00000)
  object space 68608K, 17% used [0x00000000c0000000,0x00000000c0bd9950,0x00000000c4300000)
 Metaspace       used 40154K, committed 40960K, reserved 1089536K
  class space    used 4316K, committed 4672K, reserved 1048576K
}
Event: 22.399 GC heap after
{Heap after GC invocations=13 (full 2):
 PSYoungGen      total 23040K, used 960K [0x00000000eab00000, 0x00000000ec600000, 0x0000000100000000)
  eden space 22016K, 0% used [0x00000000eab00000,0x00000000eab00000,0x00000000ec080000)
  from space 1024K, 93% used [0x00000000ec380000,0x00000000ec470000,0x00000000ec480000)
  to   space 1536K, 0% used [0x00000000ec480000,0x00000000ec480000,0x00000000ec600000)
 ParOldGen       total 68608K, used 12940K [0x00000000c0000000, 0x00000000c4300000, 0x00000000eab00000)
  object space 68608K, 18% used [0x00000000c0000000,0x00000000c0ca31c8,0x00000000c4300000)
 Metaspace       used 40154K, committed 40960K, reserved 1089536K
  class space    used 4316K, committed 4672K, reserved 1048576K
}
Event: 23.483 GC heap before
{Heap before GC invocations=14 (full 2):
 PSYoungGen      total 23040K, used 22976K [0x00000000eab00000, 0x00000000ec600000, 0x0000000100000000)
  eden space 22016K, 100% used [0x00000000eab00000,0x00000000ec080000,0x00000000ec080000)
  from space 1024K, 93% used [0x00000000ec380000,0x00000000ec470000,0x00000000ec480000)
  to   space 1536K, 0% used [0x00000000ec480000,0x00000000ec480000,0x00000000ec600000)
 ParOldGen       total 68608K, used 12940K [0x00000000c0000000, 0x00000000c4300000, 0x00000000eab00000)
  object space 68608K, 18% used [0x00000000c0000000,0x00000000c0ca31c8,0x00000000c4300000)
 Metaspace       used 43094K, committed 43968K, reserved 1089536K
  class space    used 4714K, committed 5056K, reserved 1048576K
}
Event: 23.503 GC heap after
{Heap after GC invocations=14 (full 2):
 PSYoungGen      total 23552K, used 1527K [0x00000000eab00000, 0x00000000ec680000, 0x0000000100000000)
  eden space 22016K, 0% used [0x00000000eab00000,0x00000000eab00000,0x00000000ec080000)
  from space 1536K, 99% used [0x00000000ec480000,0x00000000ec5fdca8,0x00000000ec600000)
  to   space 3072K, 0% used [0x00000000ec080000,0x00000000ec080000,0x00000000ec380000)
 ParOldGen       total 68608K, used 13968K [0x00000000c0000000, 0x00000000c4300000, 0x00000000eab00000)
  object space 68608K, 20% used [0x00000000c0000000,0x00000000c0da4278,0x00000000c4300000)
 Metaspace       used 43094K, committed 43968K, reserved 1089536K
  class space    used 4714K, committed 5056K, reserved 1048576K
}
Event: 24.634 GC heap before
{Heap before GC invocations=15 (full 2):
 PSYoungGen      total 23552K, used 23543K [0x00000000eab00000, 0x00000000ec680000, 0x0000000100000000)
  eden space 22016K, 100% used [0x00000000eab00000,0x00000000ec080000,0x00000000ec080000)
  from space 1536K, 99% used [0x00000000ec480000,0x00000000ec5fdca8,0x00000000ec600000)
  to   space 3072K, 0% used [0x00000000ec080000,0x00000000ec080000,0x00000000ec380000)
 ParOldGen       total 68608K, used 13968K [0x00000000c0000000, 0x00000000c4300000, 0x00000000eab00000)
  object space 68608K, 20% used [0x00000000c0000000,0x00000000c0da4278,0x00000000c4300000)
 Metaspace       used 46222K, committed 47104K, reserved 1097728K
  class space    used 5066K, committed 5440K, reserved 1048576K
}
Event: 24.686 GC heap after
{Heap after GC invocations=15 (full 2):
 PSYoungGen      total 24064K, used 1886K [0x00000000eab00000, 0x00000000ec580000, 0x0000000100000000)
  eden space 22016K, 0% used [0x00000000eab00000,0x00000000eab00000,0x00000000ec080000)
  from space 2048K, 92% used [0x00000000ec080000,0x00000000ec257990,0x00000000ec280000)
  to   space 2560K, 0% used [0x00000000ec300000,0x00000000ec300000,0x00000000ec580000)
 ParOldGen       total 68608K, used 15522K [0x00000000c0000000, 0x00000000c4300000, 0x00000000eab00000)
  object space 68608K, 22% used [0x00000000c0000000,0x00000000c0f28968,0x00000000c4300000)
 Metaspace       used 46222K, committed 47104K, reserved 1097728K
  class space    used 5066K, committed 5440K, reserved 1048576K
}
Event: 28.777 GC heap before
{Heap before GC invocations=16 (full 2):
 PSYoungGen      total 24064K, used 23902K [0x00000000eab00000, 0x00000000ec580000, 0x0000000100000000)
  eden space 22016K, 100% used [0x00000000eab00000,0x00000000ec080000,0x00000000ec080000)
  from space 2048K, 92% used [0x00000000ec080000,0x00000000ec257990,0x00000000ec280000)
  to   space 2560K, 0% used [0x00000000ec300000,0x00000000ec300000,0x00000000ec580000)
 ParOldGen       total 68608K, used 15522K [0x00000000c0000000, 0x00000000c4300000, 0x00000000eab00000)
  object space 68608K, 22% used [0x00000000c0000000,0x00000000c0f28968,0x00000000c4300000)
 Metaspace       used 49060K, committed 49984K, reserved 1097728K
  class space    used 5454K, committed 5888K, reserved 1048576K
}
Event: 28.800 GC heap after
{Heap after GC invocations=16 (full 2):
 PSYoungGen      total 20992K, used 2545K [0x00000000eab00000, 0x00000000ecc80000, 0x0000000100000000)
  eden space 18432K, 0% used [0x00000000eab00000,0x00000000eab00000,0x00000000ebd00000)
  from space 2560K, 99% used [0x00000000ec300000,0x00000000ec57c7d8,0x00000000ec580000)
  to   space 6144K, 0% used [0x00000000ebd00000,0x00000000ebd00000,0x00000000ec300000)
 ParOldGen       total 68608K, used 18332K [0x00000000c0000000, 0x00000000c4300000, 0x00000000eab00000)
  object space 68608K, 26% used [0x00000000c0000000,0x00000000c11e73e0,0x00000000c4300000)
 Metaspace       used 49060K, committed 49984K, reserved 1097728K
  class space    used 5454K, committed 5888K, reserved 1048576K
}
Event: 29.546 GC heap before
{Heap before GC invocations=17 (full 2):
 PSYoungGen      total 20992K, used 20977K [0x00000000eab00000, 0x00000000ecc80000, 0x0000000100000000)
  eden space 18432K, 100% used [0x00000000eab00000,0x00000000ebd00000,0x00000000ebd00000)
  from space 2560K, 99% used [0x00000000ec300000,0x00000000ec57c7d8,0x00000000ec580000)
  to   space 6144K, 0% used [0x00000000ebd00000,0x00000000ebd00000,0x00000000ec300000)
 ParOldGen       total 68608K, used 18332K [0x00000000c0000000, 0x00000000c4300000, 0x00000000eab00000)
  object space 68608K, 26% used [0x00000000c0000000,0x00000000c11e73e0,0x00000000c4300000)
 Metaspace       used 49438K, committed 50304K, reserved 1097728K
  class space    used 5500K, committed 5952K, reserved 1048576K
}
Event: 29.567 GC heap after
{Heap after GC invocations=17 (full 2):
 PSYoungGen      total 21504K, used 2656K [0x00000000eab00000, 0x00000000ec500000, 0x0000000100000000)
  eden space 18432K, 0% used [0x00000000eab00000,0x00000000eab00000,0x00000000ebd00000)
  from space 3072K, 86% used [0x00000000ebd00000,0x00000000ebf98000,0x00000000ec000000)
  to   space 4096K, 0% used [0x00000000ec100000,0x00000000ec100000,0x00000000ec500000)
 ParOldGen       total 68608K, used 18780K [0x00000000c0000000, 0x00000000c4300000, 0x00000000eab00000)
  object space 68608K, 27% used [0x00000000c0000000,0x00000000c12573f0,0x00000000c4300000)
 Metaspace       used 49438K, committed 50304K, reserved 1097728K
  class space    used 5500K, committed 5952K, reserved 1048576K
}
Event: 32.259 GC heap before
{Heap before GC invocations=18 (full 2):
 PSYoungGen      total 21504K, used 21060K [0x00000000eab00000, 0x00000000ec500000, 0x0000000100000000)
  eden space 18432K, 99% used [0x00000000eab00000,0x00000000ebcf9180,0x00000000ebd00000)
  from space 3072K, 86% used [0x00000000ebd00000,0x00000000ebf98000,0x00000000ec000000)
  to   space 4096K, 0% used [0x00000000ec100000,0x00000000ec100000,0x00000000ec500000)
 ParOldGen       total 68608K, used 18780K [0x00000000c0000000, 0x00000000c4300000, 0x00000000eab00000)
  object space 68608K, 27% used [0x00000000c0000000,0x00000000c12573f0,0x00000000c4300000)
 Metaspace       used 51405K, committed 52352K, reserved 1097728K
  class space    used 5693K, committed 6144K, reserved 1048576K
}
Event: 32.273 GC heap after
{Heap after GC invocations=18 (full 2):
 PSYoungGen      total 20480K, used 1593K [0x00000000eab00000, 0x00000000ec300000, 0x0000000100000000)
  eden space 18432K, 0% used [0x00000000eab00000,0x00000000eab00000,0x00000000ebd00000)
  from space 2048K, 77% used [0x00000000ec100000,0x00000000ec28e470,0x00000000ec300000)
  to   space 2560K, 0% used [0x00000000ebe00000,0x00000000ebe00000,0x00000000ec080000)
 ParOldGen       total 68608K, used 21371K [0x00000000c0000000, 0x00000000c4300000, 0x00000000eab00000)
  object space 68608K, 31% used [0x00000000c0000000,0x00000000c14ded00,0x00000000c4300000)
 Metaspace       used 51405K, committed 52352K, reserved 1097728K
  class space    used 5693K, committed 6144K, reserved 1048576K
}
Event: 33.123 GC heap before
{Heap before GC invocations=19 (full 2):
 PSYoungGen      total 20480K, used 20025K [0x00000000eab00000, 0x00000000ec300000, 0x0000000100000000)
  eden space 18432K, 100% used [0x00000000eab00000,0x00000000ebd00000,0x00000000ebd00000)
  from space 2048K, 77% used [0x00000000ec100000,0x00000000ec28e470,0x00000000ec300000)
  to   space 2560K, 0% used [0x00000000ebe00000,0x00000000ebe00000,0x00000000ec080000)
 ParOldGen       total 68608K, used 21371K [0x00000000c0000000, 0x00000000c4300000, 0x00000000eab00000)
  object space 68608K, 31% used [0x00000000c0000000,0x00000000c14ded00,0x00000000c4300000)
 Metaspace       used 53796K, committed 54656K, reserved 1097728K
  class space    used 5941K, committed 6336K, reserved 1048576K
}
Event: 33.137 GC heap after
{Heap after GC invocations=19 (full 2):
 PSYoungGen      total 19968K, used 1174K [0x00000000eab00000, 0x00000000ec180000, 0x0000000100000000)
  eden space 18432K, 0% used [0x00000000eab00000,0x00000000eab00000,0x00000000ebd00000)
  from space 1536K, 76% used [0x00000000ebe00000,0x00000000ebf25a20,0x00000000ebf80000)
  to   space 1536K, 0% used [0x00000000ec000000,0x00000000ec000000,0x00000000ec180000)
 ParOldGen       total 68608K, used 22799K [0x00000000c0000000, 0x00000000c4300000, 0x00000000eab00000)
  object space 68608K, 33% used [0x00000000c0000000,0x00000000c1643f88,0x00000000c4300000)
 Metaspace       used 53796K, committed 54656K, reserved 1097728K
  class space    used 5941K, committed 6336K, reserved 1048576K
}
Event: 33.866 GC heap before
{Heap before GC invocations=20 (full 2):
 PSYoungGen      total 19968K, used 19599K [0x00000000eab00000, 0x00000000ec180000, 0x0000000100000000)
  eden space 18432K, 99% used [0x00000000eab00000,0x00000000ebcfe330,0x00000000ebd00000)
  from space 1536K, 76% used [0x00000000ebe00000,0x00000000ebf25a20,0x00000000ebf80000)
  to   space 1536K, 0% used [0x00000000ec000000,0x00000000ec000000,0x00000000ec180000)
 ParOldGen       total 68608K, used 22799K [0x00000000c0000000, 0x00000000c4300000, 0x00000000eab00000)
  object space 68608K, 33% used [0x00000000c0000000,0x00000000c1643f88,0x00000000c4300000)
 Metaspace       used 54482K, committed 55488K, reserved 1105920K
  class space    used 6005K, committed 6464K, reserved 1048576K
}
Event: 33.874 GC heap after
{Heap after GC invocations=20 (full 2):
 PSYoungGen      total 19968K, used 1516K [0x00000000eab00000, 0x00000000ec300000, 0x0000000100000000)
  eden space 18432K, 0% used [0x00000000eab00000,0x00000000eab00000,0x00000000ebd00000)
  from space 1536K, 98% used [0x00000000ec000000,0x00000000ec17b2f8,0x00000000ec180000)
  to   space 3072K, 0% used [0x00000000ebd00000,0x00000000ebd00000,0x00000000ec000000)
 ParOldGen       total 68608K, used 23749K [0x00000000c0000000, 0x00000000c4300000, 0x00000000eab00000)
  object space 68608K, 34% used [0x00000000c0000000,0x00000000c17317b0,0x00000000c4300000)
 Metaspace       used 54482K, committed 55488K, reserved 1105920K
  class space    used 6005K, committed 6464K, reserved 1048576K
}
Event: 34.811 GC heap before
{Heap before GC invocations=21 (full 2):
 PSYoungGen      total 19968K, used 19948K [0x00000000eab00000, 0x00000000ec300000, 0x0000000100000000)
  eden space 18432K, 100% used [0x00000000eab00000,0x00000000ebd00000,0x00000000ebd00000)
  from space 1536K, 98% used [0x00000000ec000000,0x00000000ec17b2f8,0x00000000ec180000)
  to   space 3072K, 0% used [0x00000000ebd00000,0x00000000ebd00000,0x00000000ec000000)
 ParOldGen       total 68608K, used 23749K [0x00000000c0000000, 0x00000000c4300000, 0x00000000eab00000)
  object space 68608K, 34% used [0x00000000c0000000,0x00000000c17317b0,0x00000000c4300000)
 Metaspace       used 54743K, committed 55680K, reserved 1105920K
  class space    used 6019K, committed 6464K, reserved 1048576K
}
Event: 34.819 GC heap after
{Heap after GC invocations=21 (full 2):
 PSYoungGen      total 19968K, used 1392K [0x00000000eab00000, 0x00000000ec100000, 0x0000000100000000)
  eden space 18432K, 0% used [0x00000000eab00000,0x00000000eab00000,0x00000000ebd00000)
  from space 1536K, 90% used [0x00000000ebd00000,0x00000000ebe5c010,0x00000000ebe80000)
  to   space 2048K, 0% used [0x00000000ebf00000,0x00000000ebf00000,0x00000000ec100000)
 ParOldGen       total 68608K, used 25157K [0x00000000c0000000, 0x00000000c4300000, 0x00000000eab00000)
  object space 68608K, 36% used [0x00000000c0000000,0x00000000c18917b0,0x00000000c4300000)
 Metaspace       used 54743K, committed 55680K, reserved 1105920K
  class space    used 6019K, committed 6464K, reserved 1048576K
}

Deoptimization events (20 events):
Event: 36.230 Thread 0x00007f5dc4143390 Uncommon trap: trap_request=0xffffffc6 fr.pc=0x00007f5e4a110688 relative=0x00000000000004a8
Event: 36.230 Thread 0x00007f5dc4143390 Uncommon trap: reason=bimorphic_or_optimized_type_check action=maybe_recompile pc=0x00007f5e4a110688 method=java.util.HashMap.removeNode(ILjava/lang/Object;Ljava/lang/Object;ZZ)Ljava/util/HashMap$Node; @ 283 c2
Event: 36.231 Thread 0x00007f5dc4143390 DEOPT PACKING pc=0x00007f5e4a110688 sp=0x00007f5e391de810
Event: 36.231 Thread 0x00007f5dc4143390 DEOPT UNPACKING pc=0x00007f5e42441d99 sp=0x00007f5e391de738 mode 2
Event: 45.762 Thread 0x00007f5e5469f360 Uncommon trap: trap_request=0xffffffde fr.pc=0x00007f5e4a0df8e4 relative=0x0000000000000484
Event: 45.762 Thread 0x00007f5e5469f360 Uncommon trap: reason=class_check action=maybe_recompile pc=0x00007f5e4a0df8e4 method=org.eclipse.jdt.internal.core.PackageFragment.hashCode()I @ 4 c2
Event: 45.762 Thread 0x00007f5e5469f360 DEOPT PACKING pc=0x00007f5e4a0df8e4 sp=0x00007f5dc2efc560
Event: 45.763 Thread 0x00007f5e5469f360 DEOPT UNPACKING pc=0x00007f5e42441d99 sp=0x00007f5dc2efc528 mode 2
Event: 45.764 Thread 0x00007f5e5469f360 Uncommon trap: trap_request=0xffffffde fr.pc=0x00007f5e4a0df8e4 relative=0x0000000000000484
Event: 45.764 Thread 0x00007f5e5469f360 Uncommon trap: reason=class_check action=maybe_recompile pc=0x00007f5e4a0df8e4 method=org.eclipse.jdt.internal.core.PackageFragment.hashCode()I @ 4 c2
Event: 45.764 Thread 0x00007f5e5469f360 DEOPT PACKING pc=0x00007f5e4a0df8e4 sp=0x00007f5dc2efc4b0
Event: 45.764 Thread 0x00007f5e5469f360 DEOPT UNPACKING pc=0x00007f5e42441d99 sp=0x00007f5dc2efc478 mode 2
Event: 45.764 Thread 0x00007f5e5469f360 Uncommon trap: trap_request=0xffffffde fr.pc=0x00007f5e4a0df8e4 relative=0x0000000000000484
Event: 45.764 Thread 0x00007f5e5469f360 Uncommon trap: reason=class_check action=maybe_recompile pc=0x00007f5e4a0df8e4 method=org.eclipse.jdt.internal.core.PackageFragment.hashCode()I @ 4 c2
Event: 45.764 Thread 0x00007f5e5469f360 DEOPT PACKING pc=0x00007f5e4a0df8e4 sp=0x00007f5dc2efc140
Event: 45.764 Thread 0x00007f5e5469f360 DEOPT UNPACKING pc=0x00007f5e42441d99 sp=0x00007f5dc2efc108 mode 2
Event: 45.774 Thread 0x00007f5e5469f360 Uncommon trap: trap_request=0xffffff45 fr.pc=0x00007f5e49fbf650 relative=0x0000000000001170
Event: 45.774 Thread 0x00007f5e5469f360 Uncommon trap: reason=unstable_if action=reinterpret pc=0x00007f5e49fbf650 method=org.eclipse.osgi.storage.bundlefile.CloseableBundleFile.getEntry(Ljava/lang/String;)Lorg/eclipse/osgi/storage/bundlefile/BundleEntry; @ 4 c2
Event: 45.774 Thread 0x00007f5e5469f360 DEOPT PACKING pc=0x00007f5e49fbf650 sp=0x00007f5dc2efb520
Event: 45.774 Thread 0x00007f5e5469f360 DEOPT UNPACKING pc=0x00007f5e42441d99 sp=0x00007f5dc2efb480 mode 2

Classes unloaded (7 events):
Event: 12.411 Thread 0x00007f5e541d4ed0 Unloading class 0x000000010021c800 'java/lang/invoke/LambdaForm$MH+0x000000010021c800'
Event: 12.411 Thread 0x00007f5e541d4ed0 Unloading class 0x000000010021c400 'java/lang/invoke/LambdaForm$MH+0x000000010021c400'
Event: 12.411 Thread 0x00007f5e541d4ed0 Unloading class 0x000000010021c000 'java/lang/invoke/LambdaForm$MH+0x000000010021c000'
Event: 12.411 Thread 0x00007f5e541d4ed0 Unloading class 0x000000010021bc00 'java/lang/invoke/LambdaForm$MH+0x000000010021bc00'
Event: 12.411 Thread 0x00007f5e541d4ed0 Unloading class 0x000000010021b400 'java/lang/invoke/LambdaForm$BMH+0x000000010021b400'
Event: 12.411 Thread 0x00007f5e541d4ed0 Unloading class 0x000000010021b000 'java/lang/invoke/LambdaForm$DMH+0x000000010021b000'
Event: 12.411 Thread 0x00007f5e541d4ed0 Unloading class 0x0000000100218400 'java/lang/invoke/LambdaForm$DMH+0x0000000100218400'

Classes redefined (0 events):
No events

Internal exceptions (20 events):
Event: 45.789 Thread 0x00007f5ddc357dc0 Exception <a 'java/io/IOException'{0x00000000eb6604f0}> (0x00000000eb6604f0) 
thrown [src/hotspot/share/prims/jni.cpp, line 516]
Event: 45.789 Thread 0x00007f5ddc357dc0 Exception <a 'java/io/IOException'{0x00000000eb660818}> (0x00000000eb660818) 
thrown [src/hotspot/share/prims/jni.cpp, line 516]
Event: 45.796 Thread 0x00007f5ddc357dc0 Exception <a 'java/io/IOException'{0x00000000eb6b9720}> (0x00000000eb6b9720) 
thrown [src/hotspot/share/prims/jni.cpp, line 516]
Event: 45.796 Thread 0x00007f5ddc357dc0 Exception <a 'java/io/IOException'{0x00000000eb6b9a48}> (0x00000000eb6b9a48) 
thrown [src/hotspot/share/prims/jni.cpp, line 516]
Event: 45.796 Thread 0x00007f5ddc357dc0 Exception <a 'java/io/IOException'{0x00000000eb6b9d70}> (0x00000000eb6b9d70) 
thrown [src/hotspot/share/prims/jni.cpp, line 516]
Event: 45.797 Thread 0x00007f5ddc357dc0 Exception <a 'java/io/IOException'{0x00000000eb6bb000}> (0x00000000eb6bb000) 
thrown [src/hotspot/share/prims/jni.cpp, line 516]
Event: 45.797 Thread 0x00007f5ddc357dc0 Exception <a 'java/io/IOException'{0x00000000eb6bb328}> (0x00000000eb6bb328) 
thrown [src/hotspot/share/prims/jni.cpp, line 516]
Event: 45.797 Thread 0x00007f5ddc357dc0 Exception <a 'java/io/IOException'{0x00000000eb6bb650}> (0x00000000eb6bb650) 
thrown [src/hotspot/share/prims/jni.cpp, line 516]
Event: 45.798 Thread 0x00007f5dc4001110 Exception <a 'java/io/FileNotFoundException'{0x00000000eb6c06d8}> (0x00000000eb6c06d8) 
thrown [src/hotspot/share/prims/jni.cpp, line 516]
Event: 45.799 Thread 0x00007f5dc4001110 Exception <a 'java/io/FileNotFoundException'{0x00000000eb6c1f48}> (0x00000000eb6c1f48) 
thrown [src/hotspot/share/prims/jni.cpp, line 516]
Event: 45.800 Thread 0x00007f5dc4001110 Exception <a 'java/io/FileNotFoundException'{0x00000000eb6c46e8}> (0x00000000eb6c46e8) 
thrown [src/hotspot/share/prims/jni.cpp, line 516]
Event: 45.802 Thread 0x00007f5dc4001110 Exception <a 'java/io/IOException'{0x00000000eb705848}> (0x00000000eb705848) 
thrown [src/hotspot/share/prims/jni.cpp, line 516]
Event: 45.802 Thread 0x00007f5dc4001110 Exception <a 'java/io/IOException'{0x00000000eb705b70}> (0x00000000eb705b70) 
thrown [src/hotspot/share/prims/jni.cpp, line 516]
Event: 45.803 Thread 0x00007f5dc4001110 Exception <a 'java/io/IOException'{0x00000000eb71ffd8}> (0x00000000eb71ffd8) 
thrown [src/hotspot/share/prims/jni.cpp, line 516]
Event: 45.813 Thread 0x00007f5ddc357dc0 Exception <a 'java/io/IOException'{0x00000000eb6bc8f8}> (0x00000000eb6bc8f8) 
thrown [src/hotspot/share/prims/jni.cpp, line 516]
Event: 45.813 Thread 0x00007f5ddc357dc0 Exception <a 'java/io/IOException'{0x00000000eb6bcc20}> (0x00000000eb6bcc20) 
thrown [src/hotspot/share/prims/jni.cpp, line 516]
Event: 45.813 Thread 0x00007f5ddc357dc0 Exception <a 'java/io/IOException'{0x00000000eb6bcf48}> (0x00000000eb6bcf48) 
thrown [src/hotspot/share/prims/jni.cpp, line 516]
Event: 45.814 Thread 0x00007f5ddc357dc0 Exception <a 'java/io/IOException'{0x00000000eb6be630}> (0x00000000eb6be630) 
thrown [src/hotspot/share/prims/jni.cpp, line 516]
Event: 45.814 Thread 0x00007f5ddc357dc0 Exception <a 'java/io/IOException'{0x00000000eb6be958}> (0x00000000eb6be958) 
thrown [src/hotspot/share/prims/jni.cpp, line 516]
Event: 45.814 Thread 0x00007f5ddc357dc0 Exception <a 'java/io/IOException'{0x00000000eb6bec80}> (0x00000000eb6bec80) 
thrown [src/hotspot/share/prims/jni.cpp, line 516]

VM Operations (20 events):
Event: 33.866 Executing VM operation: ParallelGCFailedAllocation
Event: 33.874 Executing VM operation: ParallelGCFailedAllocation done
Event: 34.811 Executing VM operation: ParallelGCFailedAllocation
Event: 34.819 Executing VM operation: ParallelGCFailedAllocation done
Event: 35.819 Executing VM operation: Cleanup
Event: 35.820 Executing VM operation: Cleanup done
Event: 36.820 Executing VM operation: Cleanup
Event: 36.820 Executing VM operation: Cleanup done
Event: 41.821 Executing VM operation: Cleanup
Event: 41.821 Executing VM operation: Cleanup done
Event: 45.602 Executing VM operation: HandshakeAllThreads
Event: 45.602 Executing VM operation: HandshakeAllThreads done
Event: 45.757 Executing VM operation: HandshakeAllThreads
Event: 45.757 Executing VM operation: HandshakeAllThreads done
Event: 45.757 Executing VM operation: Cleanup
Event: 45.758 Executing VM operation: Cleanup done
Event: 45.766 Executing VM operation: HandshakeAllThreads
Event: 45.766 Executing VM operation: HandshakeAllThreads done
Event: 45.767 Executing VM operation: HandshakeAllThreads
Event: 45.767 Executing VM operation: HandshakeAllThreads done

Events (20 events):
Event: 45.800 loading class java/time/zone/TzdbZoneRulesProvider
Event: 45.801 loading class java/time/zone/TzdbZoneRulesProvider done
Event: 45.803 Thread 0x00007f5e145ded20 Thread added: 0x00007f5e145ded20
Event: 45.803 Protecting memory [0x00007f5dc2cfd000,0x00007f5dc2d01000] with protection modes 0
Event: 45.803 Thread 0x00007f5e145df480 Thread added: 0x00007f5e145df480
Event: 45.803 Protecting memory [0x00007f5e390df000,0x00007f5e390e3000] with protection modes 0
Event: 45.804 loading class java/time/zone/Ser
Event: 45.804 loading class java/time/zone/Ser done
Event: 45.804 loading class java/time/zone/ZoneRules
Event: 45.805 loading class java/time/zone/ZoneRules done
Event: 45.805 loading class java/time/zone/ZoneOffsetTransitionRule
Event: 45.805 loading class java/time/zone/ZoneOffsetTransitionRule done
Event: 45.805 loading class java/time/LocalDateTime
Event: 45.806 loading class java/time/chrono/ChronoLocalDateTime
Event: 45.807 loading class java/time/chrono/ChronoLocalDateTime done
Event: 45.812 loading class java/time/LocalDateTime done
Event: 45.813 loading class java/time/ZoneOffset
Event: 45.817 loading class java/time/ZoneOffset done
Event: 45.819 loading class java/time/ZonedDateTime
Event: 45.819 loading class java/time/chrono/ChronoZonedDateTime


Dynamic libraries:
c0000000-c4300000 rw-p 00000000 00:00 0 
c4300000-eab00000 ---p 00000000 00:00 0 
eab00000-ec100000 rw-p 00000000 00:00 0 
ec100000-100000000 ---p 00000000 00:00 0 
100000000-100020000 rw-p 00000000 00:00 0 
100020000-100040000 rw-p 00000000 00:00 0 
100040000-1000c0000 rw-p 00000000 00:00 0 
1000c0000-1000e0000 rw-p 00000000 00:00 0 
1000e0000-100140000 rw-p 00000000 00:00 0 
100140000-100180000 rw-p 00000000 00:00 0 
100180000-1002c0000 rw-p 00000000 00:00 0 
1002c0000-100540000 rw-p 00000000 00:00 0 
100540000-1005c0000 rw-p 00000000 00:00 0 
1005c0000-1005e0000 rw-p 00000000 00:00 0 
1005e0000-100600000 ---p 00000000 00:00 0 
100600000-100690000 rw-p 00000000 00:00 0 
100690000-140000000 ---p 00000000 00:00 0 
55f8a0c54000-55f8a0c55000 r--p 00000000 08:20 16238                      /home/vscode/.vscode-server/extensions/redhat.java-1.12.0-linux-x64/jre/17.0.4.1-linux-x86_64/bin/java
55f8a0c55000-55f8a0c56000 r-xp 00001000 08:20 16238                      /home/vscode/.vscode-server/extensions/redhat.java-1.12.0-linux-x64/jre/17.0.4.1-linux-x86_64/bin/java
55f8a0c56000-55f8a0c57000 r--p 00002000 08:20 16238                      /home/vscode/.vscode-server/extensions/redhat.java-1.12.0-linux-x64/jre/17.0.4.1-linux-x86_64/bin/java
55f8a0c57000-55f8a0c58000 r--p 00002000 08:20 16238                      /home/vscode/.vscode-server/extensions/redhat.java-1.12.0-linux-x64/jre/17.0.4.1-linux-x86_64/bin/java
55f8a0c58000-55f8a0c59000 rw-p 00003000 08:20 16238                      /home/vscode/.vscode-server/extensions/redhat.java-1.12.0-linux-x64/jre/17.0.4.1-linux-x86_64/bin/java
55f8a2a18000-55f8a2a39000 rw-p 00000000 00:00 0                          [heap]
7f5da4000000-7f5da484a000 rw-p 00000000 00:00 0 
7f5da484a000-7f5da8000000 ---p 00000000 00:00 0 
7f5da8000000-7f5da849e000 rw-p 00000000 00:00 0 
7f5da849e000-7f5dac000000 ---p 00000000 00:00 0 
7f5dac000000-7f5dac450000 rw-p 00000000 00:00 0 
7f5dac450000-7f5db0000000 ---p 00000000 00:00 0 
7f5db0000000-7f5db00b5000 rw-p 00000000 00:00 0 
7f5db00b5000-7f5db4000000 ---p 00000000 00:00 0 
7f5db4000000-7f5db4021000 rw-p 00000000 00:00 0 
7f5db4021000-7f5db8000000 ---p 00000000 00:00 0 
7f5db8000000-7f5db8021000 rw-p 00000000 00:00 0 
7f5db8021000-7f5dbc000000 ---p 00000000 00:00 0 
7f5dbc000000-7f5dbc532000 rw-p 00000000 00:00 0 
7f5dbc532000-7f5dc0000000 ---p 00000000 00:00 0 
7f5dc1800000-7f5dc1920000 rw-p 00000000 00:00 0 
7f5dc1920000-7f5dc2000000 ---p 00000000 00:00 0 
7f5dc22ff000-7f5dc2303000 ---p 00000000 00:00 0 
7f5dc2303000-7f5dc2480000 rw-p 00000000 00:00 0 
7f5dc2480000-7f5dc2500000 rw-p 00000000 00:00 0 
7f5dc2500000-7f5dc26d0000 rw-p 00000000 00:00 0 
7f5dc26d0000-7f5dc2700000 ---p 00000000 00:00 0 
7f5dc2700000-7f5dc2c00000 rw-p 00000000 00:00 0 
7f5dc2cfd000-7f5dc2d01000 ---p 00000000 00:00 0 
7f5dc2d01000-7f5dc2dfe000 rw-p 00000000 00:00 0 
7f5dc2dfe000-7f5dc2e02000 ---p 00000000 00:00 0 
7f5dc2e02000-7f5dc2eff000 rw-p 00000000 00:00 0 
7f5dc2eff000-7f5dc2f03000 ---p 00000000 00:00 0 
7f5dc2f03000-7f5dc3500000 rw-p 00000000 00:00 0 
7f5dc3500000-7f5dc3600000 rw-p 00000000 00:00 0 
7f5dc3600000-7f5dc3700000 rw-p 00000000 00:00 0 
7f5dc3700000-7f5dc3800000 rw-p 00000000 00:00 0 
7f5dc3800000-7f5dc3c00000 rw-p 00000000 00:00 0 
7f5dc3c00000-7f5dc3d00000 rw-p 00000000 00:00 0 
7f5dc3d00000-7f5dc3e00000 rw-p 00000000 00:00 0 
7f5dc3e00000-7f5dc4000000 rw-p 00000000 00:00 0 
7f5dc4000000-7f5dc4154000 rw-p 00000000 00:00 0 
7f5dc4154000-7f5dc8000000 ---p 00000000 00:00 0 
7f5dc8000000-7f5dc9452000 rw-p 00000000 00:00 0 
7f5dc9452000-7f5dcc000000 ---p 00000000 00:00 0 
7f5dcc000000-7f5dcc021000 rw-p 00000000 00:00 0 
7f5dcc021000-7f5dd0000000 ---p 00000000 00:00 0 
7f5dd0000000-7f5dd03df000 rw-p 00000000 00:00 0 
7f5dd03df000-7f5dd4000000 ---p 00000000 00:00 0 
7f5dd4000000-7f5dd4021000 rw-p 00000000 00:00 0 
7f5dd4021000-7f5dd8000000 ---p 00000000 00:00 0 
7f5dd8000000-7f5dd9a7a000 rw-p 00000000 00:00 0 
7f5dd9a7a000-7f5ddc000000 ---p 00000000 00:00 0 
7f5ddc000000-7f5ddcd19000 rw-p 00000000 00:00 0 
7f5ddcd19000-7f5de0000000 ---p 00000000 00:00 0 
7f5de0000000-7f5de0021000 rw-p 00000000 00:00 0 
7f5de0021000-7f5de4000000 ---p 00000000 00:00 0 
7f5de4000000-7f5de40b6000 rw-p 00000000 00:00 0 
7f5de40b6000-7f5de8000000 ---p 00000000 00:00 0 
7f5de8000000-7f5de8021000 rw-p 00000000 00:00 0 
7f5de8021000-7f5dec000000 ---p 00000000 00:00 0 
7f5dec000000-7f5dec021000 rw-p 00000000 00:00 0 
7f5dec021000-7f5df0000000 ---p 00000000 00:00 0 
7f5df0000000-7f5df0054000 rw-p 00000000 00:00 0 
7f5df0054000-7f5df4000000 ---p 00000000 00:00 0 
7f5df4000000-7f5df4021000 rw-p 00000000 00:00 0 
7f5df4021000-7f5df8000000 ---p 00000000 00:00 0 
7f5df8000000-7f5df8021000 rw-p 00000000 00:00 0 
7f5df8021000-7f5dfc000000 ---p 00000000 00:00 0 
7f5dfc000000-7f5dfc2c2000 rw-p 00000000 00:00 0 
7f5dfc2c2000-7f5e00000000 ---p 00000000 00:00 0 
7f5e00000000-7f5e0012c000 rw-p 00000000 00:00 0 
7f5e0012c000-7f5e04000000 ---p 00000000 00:00 0 
7f5e04000000-7f5e04021000 rw-p 00000000 00:00 0 
7f5e04021000-7f5e08000000 ---p 00000000 00:00 0 
7f5e08000000-7f5e08306000 rw-p 00000000 00:00 0 
7f5e08306000-7f5e0c000000 ---p 00000000 00:00 0 
7f5e0c000000-7f5e0c021000 rw-p 00000000 00:00 0 
7f5e0c021000-7f5e10000000 ---p 00000000 00:00 0 
7f5e10000000-7f5e10021000 rw-p 00000000 00:00 0 
7f5e10021000-7f5e14000000 ---p 00000000 00:00 0 
7f5e14000000-7f5e147b3000 rw-p 00000000 00:00 0 
7f5e147b3000-7f5e18000000 ---p 00000000 00:00 0 
7f5e18000000-7f5e18021000 rw-p 00000000 00:00 0 
7f5e18021000-7f5e1c000000 ---p 00000000 00:00 0 
7f5e1c000000-7f5e1c021000 rw-p 00000000 00:00 0 
7f5e1c021000-7f5e20000000 ---p 00000000 00:00 0 
7f5e20000000-7f5e2148c000 rw-p 00000000 00:00 0 
7f5e2148c000-7f5e24000000 ---p 00000000 00:00 0 
7f5e24000000-7f5e24021000 rw-p 00000000 00:00 0 
7f5e24021000-7f5e28000000 ---p 00000000 00:00 0 
7f5e28000000-7f5e28021000 rw-p 00000000 00:00 0 
7f5e28021000-7f5e2c000000 ---p 00000000 00:00 0 
7f5e2c000000-7f5e2c021000 rw-p 00000000 00:00 0 
7f5e2c021000-7f5e30000000 ---p 00000000 00:00 0 
7f5e30000000-7f5e30021000 rw-p 00000000 00:00 0 
7f5e30021000-7f5e34000000 ---p 00000000 00:00 0 
7f5e34000000-7f5e34021000 rw-p 00000000 00:00 0 
7f5e34021000-7f5e38000000 ---p 00000000 00:00 0 
7f5e380f9000-7f5e380fd000 ---p 00000000 00:00 0 
7f5e380fd000-7f5e381fa000 rw-p 00000000 00:00 0 
7f5e381fa000-7f5e381fe000 ---p 00000000 00:00 0 
7f5e381fe000-7f5e382fb000 rw-p 00000000 00:00 0 
7f5e382fb000-7f5e382ff000 ---p 00000000 00:00 0 
7f5e382ff000-7f5e383fc000 rw-p 00000000 00:00 0 
7f5e383fc000-7f5e38400000 ---p 00000000 00:00 0 
7f5e38400000-7f5e384fd000 rw-p 00000000 00:00 0 
7f5e384fd000-7f5e38501000 ---p 00000000 00:00 0 
7f5e38501000-7f5e385fe000 rw-p 00000000 00:00 0 
7f5e385fe000-7f5e38602000 ---p 00000000 00:00 0 
7f5e38602000-7f5e386ff000 rw-p 00000000 00:00 0 
7f5e386ff000-7f5e38703000 ---p 00000000 00:00 0 
7f5e38703000-7f5e38900000 rw-p 00000000 00:00 0 
7f5e38900000-7f5e38a00000 rw-p 00000000 00:00 0 
7f5e38a00000-7f5e38d00000 rw-p 00000000 00:00 0 
7f5e38d00000-7f5e38e00000 rw-p 00000000 00:00 0 
7f5e38e00000-7f5e39000000 rw-p 00000000 00:00 0 
7f5e390df000-7f5e390e3000 ---p 00000000 00:00 0 
7f5e390e3000-7f5e391e0000 rw-p 00000000 00:00 0 
7f5e391e0000-7f5e391e1000 ---p 00000000 00:00 0 
7f5e391e1000-7f5e392e2000 rw-p 00000000 00:00 0 
7f5e392e2000-7f5e392e3000 ---p 00000000 00:00 0 
7f5e392e3000-7f5e393e4000 rw-p 00000000 00:00 0 
7f5e393e4000-7f5e393f4000 r-xp 00000000 08:20 17586                      /home/vscode/.vscode-server/data/User/globalStorage/redhat.java/1.12.0/config_linux/org.eclipse.equinox.launcher/org.eclipse.equinox.launcher.gtk.linux.x86_64_1.2.600.v20220720-1916/eclipse_11701.so
7f5e393f4000-7f5e395f3000 ---p 00010000 08:20 17586                      /home/vscode/.vscode-server/data/User/globalStorage/redhat.java/1.12.0/config_linux/org.eclipse.equinox.launcher/org.eclipse.equinox.launcher.gtk.linux.x86_64_1.2.600.v20220720-1916/eclipse_11701.so
7f5e395f3000-7f5e395f4000 r--p 0000f000 08:20 17586                      /home/vscode/.vscode-server/data/User/globalStorage/redhat.java/1.12.0/config_linux/org.eclipse.equinox.launcher/org.eclipse.equinox.launcher.gtk.linux.x86_64_1.2.600.v20220720-1916/eclipse_11701.so
7f5e395f4000-7f5e395f5000 rw-p 00010000 08:20 17586                      /home/vscode/.vscode-server/data/User/globalStorage/redhat.java/1.12.0/config_linux/org.eclipse.equinox.launcher/org.eclipse.equinox.launcher.gtk.linux.x86_64_1.2.600.v20220720-1916/eclipse_11701.so
7f5e395f5000-7f5e395f6000 rw-p 00000000 00:00 0 
7f5e395f6000-7f5e395fa000 ---p 00000000 00:00 0 
7f5e395fa000-7f5e396f7000 rw-p 00000000 00:00 0 
7f5e396f7000-7f5e396fb000 ---p 00000000 00:00 0 
7f5e396fb000-7f5e397f8000 rw-p 00000000 00:00 0 
7f5e397f8000-7f5e397f9000 ---p 00000000 00:00 0 
7f5e397f9000-7f5e398fa000 rw-p 00000000 00:00 0 
7f5e398fa000-7f5e398fb000 ---p 00000000 00:00 0 
7f5e398fb000-7f5e399fc000 rw-p 00000000 00:00 0 
7f5e399fc000-7f5e399fd000 ---p 00000000 00:00 0 
7f5e399fd000-7f5e39afe000 rw-p 00000000 00:00 0 
7f5e39afe000-7f5e39aff000 ---p 00000000 00:00 0 
7f5e39aff000-7f5e39d00000 rw-p 00000000 00:00 0 
7f5e39d00000-7f5e39e00000 rw-p 00000000 00:00 0 
7f5e39e00000-7f5e39f00000 rw-p 00000000 00:00 0 
7f5e39f00000-7f5e3a000000 rw-p 00000000 00:00 0 
7f5e3a000000-7f5e3a180000 rw-p 00000000 00:00 0 
7f5e3a180000-7f5e3a200000 rw-p 00000000 00:00 0 
7f5e3a200000-7f5e3a380000 rw-p 00000000 00:00 0 
7f5e3a380000-7f5e3a400000 rw-p 00000000 00:00 0 
7f5e3a4e2000-7f5e3a4e3000 ---p 00000000 00:00 0 
7f5e3a4e3000-7f5e3a5e4000 rw-p 00000000 00:00 0 
7f5e3a5e4000-7f5e3a5e8000 ---p 00000000 00:00 0 
7f5e3a5e8000-7f5e3a6e5000 rw-p 00000000 00:00 0 
7f5e3a6e5000-7f5e3a6e9000 ---p 00000000 00:00 0 
7f5e3a6e9000-7f5e3a7e6000 rw-p 00000000 00:00 0 
7f5e3a7e6000-7f5e3a7e7000 ---p 00000000 00:00 0 
7f5e3a7e7000-7f5e3a8e8000 rw-p 00000000 00:00 0 
7f5e3a8e8000-7f5e3a8ec000 ---p 00000000 00:00 0 
7f5e3a8ec000-7f5e3a9e9000 rw-p 00000000 00:00 0 
7f5e3a9e9000-7f5e3a9ed000 ---p 00000000 00:00 0 
7f5e3a9ed000-7f5e3aaea000 rw-p 00000000 00:00 0 
7f5e3aaea000-7f5e3aaee000 ---p 00000000 00:00 0 
7f5e3aaee000-7f5e3abeb000 rw-p 00000000 00:00 0 
7f5e3abeb000-7f5e3abef000 ---p 00000000 00:00 0 
7f5e3abef000-7f5e3acec000 rw-p 00000000 00:00 0 
7f5e3acec000-7f5e3acf0000 ---p 00000000 00:00 0 
7f5e3acf0000-7f5e3aded000 rw-p 00000000 00:00 0 
7f5e3aded000-7f5e3adf1000 ---p 00000000 00:00 0 
7f5e3adf1000-7f5e3aeee000 rw-p 00000000 00:00 0 
7f5e3aeee000-7f5e3aef2000 ---p 00000000 00:00 0 
7f5e3aef2000-7f5e3afef000 rw-p 00000000 00:00 0 
7f5e3afef000-7f5e3aff3000 ---p 00000000 00:00 0 
7f5e3aff3000-7f5e3b0f0000 rw-p 00000000 00:00 0 
7f5e3b0f0000-7f5e3b0f4000 ---p 00000000 00:00 0 
7f5e3b0f4000-7f5e3b1f1000 rw-p 00000000 00:00 0 
7f5e3b1f1000-7f5e3b1f5000 ---p 00000000 00:00 0 
7f5e3b1f5000-7f5e3b2f2000 rw-p 00000000 00:00 0 
7f5e3b2f2000-7f5e3b2f3000 ---p 00000000 00:00 0 
7f5e3b2f3000-7f5e3c000000 rw-p 00000000 00:00 0 
7f5e3c000000-7f5e3c021000 rw-p 00000000 00:00 0 
7f5e3c021000-7f5e40000000 ---p 00000000 00:00 0 
7f5e400ed000-7f5e423f0000 rw-p 00000000 00:00 0 
7f5e423f0000-7f5e42660000 rwxp 00000000 00:00 0 
7f5e42660000-7f5e42982000 ---p 00000000 00:00 0 
7f5e42982000-7f5e43462000 rwxp 00000000 00:00 0 
7f5e43462000-7f5e49eb9000 ---p 00000000 00:00 0 
7f5e49eb9000-7f5e4a169000 rwxp 00000000 00:00 0 
7f5e4a169000-7f5e513f0000 ---p 00000000 00:00 0 
7f5e513f0000-7f5e54000000 r--s 00000000 08:20 17285                      /home/vscode/.vscode-server/extensions/redhat.java-1.12.0-linux-x64/jre/17.0.4.1-linux-x86_64/lib/modules
7f5e54000000-7f5e546a4000 rw-p 00000000 00:00 0 
7f5e546a4000-7f5e58000000 ---p 00000000 00:00 0 
7f5e580f5000-7f5e59000000 rw-p 00000000 00:00 0 
7f5e59000000-7f5e59080000 rw-p 00000000 00:00 0 
7f5e59080000-7f5e59100000 rw-p 00000000 00:00 0 
7f5e59100000-7f5e59400000 rw-p 00000000 00:00 0 
7f5e5942f000-7f5e59433000 r--p 00000000 08:20 41658                      /lib/x86_64-linux-gnu/libresolv-2.28.so
7f5e59433000-7f5e59440000 r-xp 00004000 08:20 41658                      /lib/x86_64-linux-gnu/libresolv-2.28.so
7f5e59440000-7f5e59444000 r--p 00011000 08:20 41658                      /lib/x86_64-linux-gnu/libresolv-2.28.so
7f5e59444000-7f5e59445000 ---p 00015000 08:20 41658                      /lib/x86_64-linux-gnu/libresolv-2.28.so
7f5e59445000-7f5e59446000 r--p 00015000 08:20 41658                      /lib/x86_64-linux-gnu/libresolv-2.28.so
7f5e59446000-7f5e59447000 rw-p 00016000 08:20 41658                      /lib/x86_64-linux-gnu/libresolv-2.28.so
7f5e59447000-7f5e59449000 rw-p 00000000 00:00 0 
7f5e59449000-7f5e5944a000 r--p 00000000 08:20 41643                      /lib/x86_64-linux-gnu/libnss_dns-2.28.so
7f5e5944a000-7f5e5944e000 r-xp 00001000 08:20 41643                      /lib/x86_64-linux-gnu/libnss_dns-2.28.so
7f5e5944e000-7f5e5944f000 r--p 00005000 08:20 41643                      /lib/x86_64-linux-gnu/libnss_dns-2.28.so
7f5e5944f000-7f5e59450000 r--p 00005000 08:20 41643                      /lib/x86_64-linux-gnu/libnss_dns-2.28.so
7f5e59450000-7f5e59451000 rw-p 00006000 08:20 41643                      /lib/x86_64-linux-gnu/libnss_dns-2.28.so
7f5e59451000-7f5e59455000 ---p 00000000 00:00 0 
7f5e59455000-7f5e59473000 rw-p 00000000 00:00 0 
7f5e59473000-7f5e59477000 r--p 00000000 08:20 17283                      /home/vscode/.vscode-server/extensions/redhat.java-1.12.0-linux-x64/jre/17.0.4.1-linux-x86_64/lib/libverify.so
7f5e59477000-7f5e5947e000 r-xp 00004000 08:20 17283                      /home/vscode/.vscode-server/extensions/redhat.java-1.12.0-linux-x64/jre/17.0.4.1-linux-x86_64/lib/libverify.so
7f5e5947e000-7f5e59480000 r--p 0000b000 08:20 17283                      /home/vscode/.vscode-server/extensions/redhat.java-1.12.0-linux-x64/jre/17.0.4.1-linux-x86_64/lib/libverify.so
7f5e59480000-7f5e59482000 r--p 0000c000 08:20 17283                      /home/vscode/.vscode-server/extensions/redhat.java-1.12.0-linux-x64/jre/17.0.4.1-linux-x86_64/lib/libverify.so
7f5e59482000-7f5e59483000 rw-p 0000e000 08:20 17283                      /home/vscode/.vscode-server/extensions/redhat.java-1.12.0-linux-x64/jre/17.0.4.1-linux-x86_64/lib/libverify.so
7f5e59483000-7f5e59487000 r--p 00000000 08:20 17258                      /home/vscode/.vscode-server/extensions/redhat.java-1.12.0-linux-x64/jre/17.0.4.1-linux-x86_64/lib/libnet.so
7f5e59487000-7f5e59495000 r-xp 00004000 08:20 17258                      /home/vscode/.vscode-server/extensions/redhat.java-1.12.0-linux-x64/jre/17.0.4.1-linux-x86_64/lib/libnet.so
7f5e59495000-7f5e59499000 r--p 00012000 08:20 17258                      /home/vscode/.vscode-server/extensions/redhat.java-1.12.0-linux-x64/jre/17.0.4.1-linux-x86_64/lib/libnet.so
7f5e59499000-7f5e5949a000 r--p 00015000 08:20 17258                      /home/vscode/.vscode-server/extensions/redhat.java-1.12.0-linux-x64/jre/17.0.4.1-linux-x86_64/lib/libnet.so
7f5e5949a000-7f5e5949b000 rw-p 00016000 08:20 17258                      /home/vscode/.vscode-server/extensions/redhat.java-1.12.0-linux-x64/jre/17.0.4.1-linux-x86_64/lib/libnet.so
7f5e5949b000-7f5e594a2000 r--p 00000000 08:20 17261                      /home/vscode/.vscode-server/extensions/redhat.java-1.12.0-linux-x64/jre/17.0.4.1-linux-x86_64/lib/libnio.so
7f5e594a2000-7f5e594ab000 r-xp 00007000 08:20 17261                      /home/vscode/.vscode-server/extensions/redhat.java-1.12.0-linux-x64/jre/17.0.4.1-linux-x86_64/lib/libnio.so
7f5e594ab000-7f5e594af000 r--p 00010000 08:20 17261                      /home/vscode/.vscode-server/extensions/redhat.java-1.12.0-linux-x64/jre/17.0.4.1-linux-x86_64/lib/libnio.so
7f5e594af000-7f5e594b0000 ---p 00014000 08:20 17261                      /home/vscode/.vscode-server/extensions/redhat.java-1.12.0-linux-x64/jre/17.0.4.1-linux-x86_64/lib/libnio.so
7f5e594b0000-7f5e594b1000 r--p 00014000 08:20 17261                      /home/vscode/.vscode-server/extensions/redhat.java-1.12.0-linux-x64/jre/17.0.4.1-linux-x86_64/lib/libnio.so
7f5e594b1000-7f5e594b2000 rw-p 00015000 08:20 17261                      /home/vscode/.vscode-server/extensions/redhat.java-1.12.0-linux-x64/jre/17.0.4.1-linux-x86_64/lib/libnio.so
7f5e594b2000-7f5e595b3000 rw-p 00000000 00:00 0 
7f5e595b3000-7f5e595b5000 r--p 00000000 08:20 17284                      /home/vscode/.vscode-server/extensions/redhat.java-1.12.0-linux-x64/jre/17.0.4.1-linux-x86_64/lib/libzip.so
7f5e595b5000-7f5e595b9000 r-xp 00002000 08:20 17284                      /home/vscode/.vscode-server/extensions/redhat.java-1.12.0-linux-x64/jre/17.0.4.1-linux-x86_64/lib/libzip.so
7f5e595b9000-7f5e595bb000 r--p 00006000 08:20 17284                      /home/vscode/.vscode-server/extensions/redhat.java-1.12.0-linux-x64/jre/17.0.4.1-linux-x86_64/lib/libzip.so
7f5e595bb000-7f5e595bc000 r--p 00007000 08:20 17284                      /home/vscode/.vscode-server/extensions/redhat.java-1.12.0-linux-x64/jre/17.0.4.1-linux-x86_64/lib/libzip.so
7f5e595bc000-7f5e595bd000 rw-p 00008000 08:20 17284                      /home/vscode/.vscode-server/extensions/redhat.java-1.12.0-linux-x64/jre/17.0.4.1-linux-x86_64/lib/libzip.so
7f5e595bd000-7f5e59910000 rw-p 00000000 00:00 0 
7f5e59910000-7f5e59a44000 ---p 00000000 00:00 0 
7f5e59a44000-7f5e59a45000 ---p 00000000 00:00 0 
7f5e59a45000-7f5e59b68000 rw-p 00000000 00:00 0 
7f5e59b68000-7f5e59c9b000 ---p 00000000 00:00 0 
7f5e59c9b000-7f5e59ca7000 rw-p 00000000 00:00 0 
7f5e59ca7000-7f5e59d46000 ---p 00000000 00:00 0 
7f5e59d46000-7f5e59d4d000 rw-p 00000000 00:00 0 
7f5e59d4d000-7f5e59e32000 ---p 00000000 00:00 0 
7f5e59e32000-7f5e59e48000 rw-p 00000000 00:00 0 
7f5e59e48000-7f5e59f1d000 ---p 00000000 00:00 0 
7f5e59f1d000-7f5e59f22000 rw-p 00000000 00:00 0 
7f5e59f22000-7f5e59f29000 ---p 00000000 00:00 0 
7f5e59f29000-7f5e59f31000 rw-s 00000000 08:20 19700                      /tmp/hsperfdata_vscode/494
7f5e59f31000-7f5e59f34000 r--p 00000000 08:20 41645                      /lib/x86_64-linux-gnu/libnss_files-2.28.so
7f5e59f34000-7f5e59f3b000 r-xp 00003000 08:20 41645                      /lib/x86_64-linux-gnu/libnss_files-2.28.so
7f5e59f3b000-7f5e59f3d000 r--p 0000a000 08:20 41645                      /lib/x86_64-linux-gnu/libnss_files-2.28.so
7f5e59f3d000-7f5e59f3e000 ---p 0000c000 08:20 41645                      /lib/x86_64-linux-gnu/libnss_files-2.28.so
7f5e59f3e000-7f5e59f3f000 r--p 0000c000 08:20 41645                      /lib/x86_64-linux-gnu/libnss_files-2.28.so
7f5e59f3f000-7f5e59f40000 rw-p 0000d000 08:20 41645                      /lib/x86_64-linux-gnu/libnss_files-2.28.so
7f5e59f40000-7f5e59f46000 rw-p 00000000 00:00 0 
7f5e59f46000-7f5e59f47000 r--p 00000000 08:20 17157                      /home/vscode/.vscode-server/extensions/redhat.java-1.12.0-linux-x64/jre/17.0.4.1-linux-x86_64/lib/libextnet.so
7f5e59f47000-7f5e59f48000 r-xp 00001000 08:20 17157                      /home/vscode/.vscode-server/extensions/redhat.java-1.12.0-linux-x64/jre/17.0.4.1-linux-x86_64/lib/libextnet.so
7f5e59f48000-7f5e59f49000 r--p 00002000 08:20 17157                      /home/vscode/.vscode-server/extensions/redhat.java-1.12.0-linux-x64/jre/17.0.4.1-linux-x86_64/lib/libextnet.so
7f5e59f49000-7f5e59f4a000 r--p 00002000 08:20 17157                      /home/vscode/.vscode-server/extensions/redhat.java-1.12.0-linux-x64/jre/17.0.4.1-linux-x86_64/lib/libextnet.so
7f5e59f4a000-7f5e59f4b000 rw-p 00003000 08:20 17157                      /home/vscode/.vscode-server/extensions/redhat.java-1.12.0-linux-x64/jre/17.0.4.1-linux-x86_64/lib/libextnet.so
7f5e59f4b000-7f5e59f58000 r--p 00000000 08:20 17200                      /home/vscode/.vscode-server/extensions/redhat.java-1.12.0-linux-x64/jre/17.0.4.1-linux-x86_64/lib/libjava.so
7f5e59f58000-7f5e59f6a000 r-xp 0000d000 08:20 17200                      /home/vscode/.vscode-server/extensions/redhat.java-1.12.0-linux-x64/jre/17.0.4.1-linux-x86_64/lib/libjava.so
7f5e59f6a000-7f5e59f70000 r--p 0001f000 08:20 17200                      /home/vscode/.vscode-server/extensions/redhat.java-1.12.0-linux-x64/jre/17.0.4.1-linux-x86_64/lib/libjava.so
7f5e59f70000-7f5e59f71000 ---p 00025000 08:20 17200                      /home/vscode/.vscode-server/extensions/redhat.java-1.12.0-linux-x64/jre/17.0.4.1-linux-x86_64/lib/libjava.so
7f5e59f71000-7f5e59f72000 r--p 00025000 08:20 17200                      /home/vscode/.vscode-server/extensions/redhat.java-1.12.0-linux-x64/jre/17.0.4.1-linux-x86_64/lib/libjava.so
7f5e59f72000-7f5e59f73000 rw-p 00026000 08:20 17200                      /home/vscode/.vscode-server/extensions/redhat.java-1.12.0-linux-x64/jre/17.0.4.1-linux-x86_64/lib/libjava.so
7f5e59f73000-7f5e59f74000 rw-p 00000000 00:00 0 
7f5e59f74000-7f5e59f76000 r--p 00000000 08:20 17187                      /home/vscode/.vscode-server/extensions/redhat.java-1.12.0-linux-x64/jre/17.0.4.1-linux-x86_64/lib/libinstrument.so
7f5e59f76000-7f5e59f7c000 r-xp 00002000 08:20 17187                      /home/vscode/.vscode-server/extensions/redhat.java-1.12.0-linux-x64/jre/17.0.4.1-linux-x86_64/lib/libinstrument.so
7f5e59f7c000-7f5e59f7f000 r--p 00008000 08:20 17187                      /home/vscode/.vscode-server/extensions/redhat.java-1.12.0-linux-x64/jre/17.0.4.1-linux-x86_64/lib/libinstrument.so
7f5e59f7f000-7f5e59f80000 r--p 0000a000 08:20 17187                      /home/vscode/.vscode-server/extensions/redhat.java-1.12.0-linux-x64/jre/17.0.4.1-linux-x86_64/lib/libinstrument.so
7f5e59f80000-7f5e59f81000 rw-p 0000b000 08:20 17187                      /home/vscode/.vscode-server/extensions/redhat.java-1.12.0-linux-x64/jre/17.0.4.1-linux-x86_64/lib/libinstrument.so
7f5e59f81000-7f5e59f85000 r--p 00000000 08:20 17218                      /home/vscode/.vscode-server/extensions/redhat.java-1.12.0-linux-x64/jre/17.0.4.1-linux-x86_64/lib/libjimage.so
7f5e59f85000-7f5e59f98000 r-xp 00004000 08:20 17218                      /home/vscode/.vscode-server/extensions/redhat.java-1.12.0-linux-x64/jre/17.0.4.1-linux-x86_64/lib/libjimage.so
7f5e59f98000-7f5e59f9e000 r--p 00017000 08:20 17218                      /home/vscode/.vscode-server/extensions/redhat.java-1.12.0-linux-x64/jre/17.0.4.1-linux-x86_64/lib/libjimage.so
7f5e59f9e000-7f5e59fa0000 r--p 0001c000 08:20 17218                      /home/vscode/.vscode-server/extensions/redhat.java-1.12.0-linux-x64/jre/17.0.4.1-linux-x86_64/lib/libjimage.so
7f5e59fa0000-7f5e59fa1000 rw-p 0001e000 08:20 17218                      /home/vscode/.vscode-server/extensions/redhat.java-1.12.0-linux-x64/jre/17.0.4.1-linux-x86_64/lib/libjimage.so
7f5e59fa1000-7f5e59fa5000 ---p 00000000 00:00 0 
7f5e59fa5000-7f5e5a0a2000 rw-p 00000000 00:00 0 
7f5e5a0a2000-7f5e5a0af000 r--p 00000000 08:20 41632                      /lib/x86_64-linux-gnu/libm-2.28.so
7f5e5a0af000-7f5e5a14e000 r-xp 0000d000 08:20 41632                      /lib/x86_64-linux-gnu/libm-2.28.so
7f5e5a14e000-7f5e5a223000 r--p 000ac000 08:20 41632                      /lib/x86_64-linux-gnu/libm-2.28.so
7f5e5a223000-7f5e5a224000 r--p 00180000 08:20 41632                      /lib/x86_64-linux-gnu/libm-2.28.so
7f5e5a224000-7f5e5a225000 rw-p 00181000 08:20 41632                      /lib/x86_64-linux-gnu/libm-2.28.so
7f5e5a225000-7f5e5a227000 r--p 00000000 08:20 41660                      /lib/x86_64-linux-gnu/librt-2.28.so
7f5e5a227000-7f5e5a22b000 r-xp 00002000 08:20 41660                      /lib/x86_64-linux-gnu/librt-2.28.so
7f5e5a22b000-7f5e5a22d000 r--p 00006000 08:20 41660                      /lib/x86_64-linux-gnu/librt-2.28.so
7f5e5a22d000-7f5e5a22e000 r--p 00007000 08:20 41660                      /lib/x86_64-linux-gnu/librt-2.28.so
7f5e5a22e000-7f5e5a22f000 rw-p 00008000 08:20 41660                      /lib/x86_64-linux-gnu/librt-2.28.so
7f5e5a22f000-7f5e5a480000 r--p 00000000 08:20 17295                      /home/vscode/.vscode-server/extensions/redhat.java-1.12.0-linux-x64/jre/17.0.4.1-linux-x86_64/lib/server/libjvm.so
7f5e5a480000-7f5e5b199000 r-xp 00251000 08:20 17295                      /home/vscode/.vscode-server/extensions/redhat.java-1.12.0-linux-x64/jre/17.0.4.1-linux-x86_64/lib/server/libjvm.so
7f5e5b199000-7f5e5b424000 r--p 00f6a000 08:20 17295                      /home/vscode/.vscode-server/extensions/redhat.java-1.12.0-linux-x64/jre/17.0.4.1-linux-x86_64/lib/server/libjvm.so
7f5e5b424000-7f5e5b4dd000 r--p 011f4000 08:20 17295                      /home/vscode/.vscode-server/extensions/redhat.java-1.12.0-linux-x64/jre/17.0.4.1-linux-x86_64/lib/server/libjvm.so
7f5e5b4dd000-7f5e5b512000 rw-p 012ad000 08:20 17295                      /home/vscode/.vscode-server/extensions/redhat.java-1.12.0-linux-x64/jre/17.0.4.1-linux-x86_64/lib/server/libjvm.so
7f5e5b512000-7f5e5b56d000 rw-p 00000000 00:00 0 
7f5e5b56d000-7f5e5b58f000 r--p 00000000 08:20 41624                      /lib/x86_64-linux-gnu/libc-2.28.so
7f5e5b58f000-7f5e5b6d6000 r-xp 00022000 08:20 41624                      /lib/x86_64-linux-gnu/libc-2.28.so
7f5e5b6d6000-7f5e5b722000 r--p 00169000 08:20 41624                      /lib/x86_64-linux-gnu/libc-2.28.so
7f5e5b722000-7f5e5b723000 ---p 001b5000 08:20 41624                      /lib/x86_64-linux-gnu/libc-2.28.so
7f5e5b723000-7f5e5b727000 r--p 001b5000 08:20 41624                      /lib/x86_64-linux-gnu/libc-2.28.so
7f5e5b727000-7f5e5b729000 rw-p 001b9000 08:20 41624                      /lib/x86_64-linux-gnu/libc-2.28.so
7f5e5b729000-7f5e5b72d000 rw-p 00000000 00:00 0 
7f5e5b72d000-7f5e5b72e000 r--p 00000000 08:20 41628                      /lib/x86_64-linux-gnu/libdl-2.28.so
7f5e5b72e000-7f5e5b72f000 r-xp 00001000 08:20 41628                      /lib/x86_64-linux-gnu/libdl-2.28.so
7f5e5b72f000-7f5e5b730000 r--p 00002000 08:20 41628                      /lib/x86_64-linux-gnu/libdl-2.28.so
7f5e5b730000-7f5e5b731000 r--p 00002000 08:20 41628                      /lib/x86_64-linux-gnu/libdl-2.28.so
7f5e5b731000-7f5e5b732000 rw-p 00003000 08:20 41628                      /lib/x86_64-linux-gnu/libdl-2.28.so
7f5e5b732000-7f5e5b738000 r--p 00000000 08:20 41656                      /lib/x86_64-linux-gnu/libpthread-2.28.so
7f5e5b738000-7f5e5b747000 r-xp 00006000 08:20 41656                      /lib/x86_64-linux-gnu/libpthread-2.28.so
7f5e5b747000-7f5e5b74d000 r--p 00015000 08:20 41656                      /lib/x86_64-linux-gnu/libpthread-2.28.so
7f5e5b74d000-7f5e5b74e000 r--p 0001a000 08:20 41656                      /lib/x86_64-linux-gnu/libpthread-2.28.so
7f5e5b74e000-7f5e5b74f000 rw-p 0001b000 08:20 41656                      /lib/x86_64-linux-gnu/libpthread-2.28.so
7f5e5b74f000-7f5e5b753000 rw-p 00000000 00:00 0 
7f5e5b753000-7f5e5b756000 r--p 00000000 08:20 17223                      /home/vscode/.vscode-server/extensions/redhat.java-1.12.0-linux-x64/jre/17.0.4.1-linux-x86_64/lib/libjli.so
7f5e5b756000-7f5e5b760000 r-xp 00003000 08:20 17223                      /home/vscode/.vscode-server/extensions/redhat.java-1.12.0-linux-x64/jre/17.0.4.1-linux-x86_64/lib/libjli.so
7f5e5b760000-7f5e5b763000 r--p 0000d000 08:20 17223                      /home/vscode/.vscode-server/extensions/redhat.java-1.12.0-linux-x64/jre/17.0.4.1-linux-x86_64/lib/libjli.so
7f5e5b763000-7f5e5b764000 ---p 00010000 08:20 17223                      /home/vscode/.vscode-server/extensions/redhat.java-1.12.0-linux-x64/jre/17.0.4.1-linux-x86_64/lib/libjli.so
7f5e5b764000-7f5e5b765000 r--p 00010000 08:20 17223                      /home/vscode/.vscode-server/extensions/redhat.java-1.12.0-linux-x64/jre/17.0.4.1-linux-x86_64/lib/libjli.so
7f5e5b765000-7f5e5b766000 rw-p 00011000 08:20 17223                      /home/vscode/.vscode-server/extensions/redhat.java-1.12.0-linux-x64/jre/17.0.4.1-linux-x86_64/lib/libjli.so
7f5e5b766000-7f5e5b769000 r--p 00000000 08:20 31668                      /lib/x86_64-linux-gnu/libz.so.1.2.11
7f5e5b769000-7f5e5b77b000 r-xp 00003000 08:20 31668                      /lib/x86_64-linux-gnu/libz.so.1.2.11
7f5e5b77b000-7f5e5b781000 r--p 00015000 08:20 31668                      /lib/x86_64-linux-gnu/libz.so.1.2.11
7f5e5b781000-7f5e5b782000 ---p 0001b000 08:20 31668                      /lib/x86_64-linux-gnu/libz.so.1.2.11
7f5e5b782000-7f5e5b783000 r--p 0001b000 08:20 31668                      /lib/x86_64-linux-gnu/libz.so.1.2.11
7f5e5b783000-7f5e5b784000 rw-p 0001c000 08:20 31668                      /lib/x86_64-linux-gnu/libz.so.1.2.11
7f5e5b786000-7f5e5b787000 ---p 00000000 00:00 0 
7f5e5b787000-7f5e5b788000 r--p 00000000 00:00 0 
7f5e5b788000-7f5e5b789000 ---p 00000000 00:00 0 
7f5e5b789000-7f5e5b78b000 rw-p 00000000 00:00 0 
7f5e5b78b000-7f5e5b78c000 r--p 00000000 08:20 41617                      /lib/x86_64-linux-gnu/ld-2.28.so
7f5e5b78c000-7f5e5b7aa000 r-xp 00001000 08:20 41617                      /lib/x86_64-linux-gnu/ld-2.28.so
7f5e5b7aa000-7f5e5b7b2000 r--p 0001f000 08:20 41617                      /lib/x86_64-linux-gnu/ld-2.28.so
7f5e5b7b2000-7f5e5b7b3000 r--p 00026000 08:20 41617                      /lib/x86_64-linux-gnu/ld-2.28.so
7f5e5b7b3000-7f5e5b7b4000 rw-p 00027000 08:20 41617                      /lib/x86_64-linux-gnu/ld-2.28.so
7f5e5b7b4000-7f5e5b7b5000 rw-p 00000000 00:00 0 
7fff83d54000-7fff83d75000 rw-p 00000000 00:00 0                          [stack]
7fff83d84000-7fff83d88000 r--p 00000000 00:00 0                          [vvar]
7fff83d88000-7fff83d89000 r-xp 00000000 00:00 0                          [vdso]


VM Arguments:
jvm_args: --add-modules=ALL-SYSTEM --add-opens=java.base/java.util=ALL-UNNAMED --add-opens=java.base/java.lang=ALL-UNNAMED --add-opens=java.base/sun.nio.fs=ALL-UNNAMED -Declipse.application=org.eclipse.jdt.ls.core.id1 -Dosgi.bundles.defaultStartLevel=4 -Declipse.product=org.eclipse.jdt.ls.core.product -Djava.import.generatesMetadataFilesAtProjectRoot=false -Dfile.encoding=utf8 -XX:+UseParallelGC -XX:GCTimeRatio=4 -XX:AdaptiveSizePolicyWeight=90 -Dsun.zip.disableMemoryMapping=true -Xmx1G -Xms100m -Xlog:disable -javaagent:/home/vscode/.vscode-server/extensions/redhat.java-1.12.0-linux-x64/lombok/lombok-1.18.24.jar -XX:+HeapDumpOnOutOfMemoryError -XX:HeapDumpPath=/home/vscode/.vscode-server/data/User/workspaceStorage/9e66861a7515512069304c736116e732/redhat.java 
java_command: /home/vscode/.vscode-server/extensions/redhat.java-1.12.0-linux-x64/server/plugins/org.eclipse.equinox.launcher_1.6.400.v20210924-0641.jar -configuration /home/vscode/.vscode-server/data/User/globalStorage/redhat.java/1.12.0/config_linux -data /home/vscode/.vscode-server/data/User/workspaceStorage/9e66861a7515512069304c736116e732/redhat.java/jdt_ws
java_class_path (initial): /home/vscode/.vscode-server/extensions/redhat.java-1.12.0-linux-x64/server/plugins/org.eclipse.equinox.launcher_1.6.400.v20210924-0641.jar
Launcher Type: SUN_STANDARD

[Global flags]
    uintx AdaptiveSizePolicyWeight                 = 90                                        {product} {command line}
     intx CICompilerCount                          = 4                                         {product} {ergonomic}
    uintx GCTimeRatio                              = 4                                         {product} {command line}
     bool HeapDumpOnOutOfMemoryError               = true                                   {manageable} {command line}
    ccstr HeapDumpPath                             = /home/vscode/.vscode-server/data/User/workspaceStorage/9e66861a7515512069304c736116e732/redhat.java         {manageable} {command line}
   size_t InitialHeapSize                          = 104857600                                 {product} {command line}
   size_t MaxHeapSize                              = 1073741824                                {product} {command line}
   size_t MaxNewSize                               = 357564416                                 {product} {ergonomic}
   size_t MinHeapDeltaBytes                        = 524288                                    {product} {ergonomic}
   size_t MinHeapSize                              = 104857600                                 {product} {command line}
   size_t NewSize                                  = 34603008                                  {product} {ergonomic}
    uintx NonNMethodCodeHeapSize                   = 5839372                                {pd product} {ergonomic}
    uintx NonProfiledCodeHeapSize                  = 122909434                              {pd product} {ergonomic}
   size_t OldSize                                  = 70254592                                  {product} {ergonomic}
    uintx ProfiledCodeHeapSize                     = 122909434                              {pd product} {ergonomic}
    uintx ReservedCodeCacheSize                    = 251658240                              {pd product} {ergonomic}
     bool SegmentedCodeCache                       = true                                      {product} {ergonomic}
   size_t SoftMaxHeapSize                          = 1073741824                             {manageable} {ergonomic}
     bool UseCompressedClassPointers               = true                           {product lp64_product} {ergonomic}
     bool UseCompressedOops                        = true                           {product lp64_product} {ergonomic}
     bool UseParallelGC                            = true                                      {product} {command line}

Logging:
Log output configuration:
 #0: stdout all=off uptime,level,tags
 #1: stderr all=off uptime,level,tags

Environment Variables:
JAVA_HOME=/usr/local/sdkman/candidates/java/current
PATH=/vscode/vscode-server/bin/linux-x64/6261075646f055b99068d3688932416f2346dd3b/bin/remote-cli:/usr/local/sdkman/bin:/usr/local/sdkman/candidates/java/current/bin:/usr/local/sdkman/candidates/gradle/current/bin:/usr/local/sdkman/candidates/maven/current/bin:/usr/local/share/nvm/current/bin:/usr/local/sdkman/bin:/usr/local/sdkman/candidates/java/current/bin:/usr/local/sdkman/candidates/gradle/current/bin:/usr/local/sdkman/candidates/maven/current/bin:/usr/local/sdkman/bin:/usr/local/sdkman/candidates/java/current/bin:/usr/local/sdkman/candidates/gradle/current/bin:/usr/local/sdkman/candidates/maven/current/bin:/usr/local/share/nvm/current/bin:/usr/local/sdkman/bin:/usr/local/sdkman/candidates/java/current/bin:/usr/local/sdkman/candidates/gradle/current/bin:/usr/local/sdkman/candidates/maven/current/bin:/usr/local/sbin:/usr/local/bin:/usr/sbin:/usr/bin:/sbin:/bin:/home/vscode/.local/bin
SHELL=/bin/bash

Signal Handlers:
   SIGSEGV: 0x00007f5e5b108b40 in libjvm.so+15571776, mask=11100100010111111101111111111110, flags=SA_RESTART|SA_SIGINFO
    SIGBUS: 0x00007f5e5b108b40 in libjvm.so+15571776, mask=11100100010111111101111111111110, flags=SA_RESTART|SA_SIGINFO
    SIGFPE: 0x00007f5e5b108b40 in libjvm.so+15571776, mask=11100100010111111101111111111110, flags=SA_RESTART|SA_SIGINFO
   SIGPIPE: 0x00007f5e5afb14e0 in libjvm.so+14165216, mask=11100100010111111101111111111110, flags=SA_RESTART|SA_SIGINFO
   SIGXFSZ: 0x00007f5e5afb14e0 in libjvm.so+14165216, mask=11100100010111111101111111111110, flags=SA_RESTART|SA_SIGINFO
    SIGILL: 0x00007f5e5b108b40 in libjvm.so+15571776, mask=11100100010111111101111111111110, flags=SA_RESTART|SA_SIGINFO
   SIGUSR2: 0x00007f5e5afb0b70 in libjvm.so+14162800, mask=00000000000000000000000000000000, flags=SA_RESTART|SA_SIGINFO
    SIGHUP: 0x00007f5e5afb0aa0 in libjvm.so+14162592, mask=11100100010111111101111111111110, flags=SA_RESTART|SA_SIGINFO
    SIGINT: 0x00007f5e5afb0aa0 in libjvm.so+14162592, mask=11100100010111111101111111111110, flags=SA_RESTART|SA_SIGINFO
   SIGTERM: 0x00007f5e5afb0aa0 in libjvm.so+14162592, mask=11100100010111111101111111111110, flags=SA_RESTART|SA_SIGINFO
   SIGQUIT: 0x00007f5e5afb0aa0 in libjvm.so+14162592, mask=11100100010111111101111111111110, flags=SA_RESTART|SA_SIGINFO
  *** Handler was modified!
  *** Expected: 0x00007f5e5afb14e0 in libjvm.so+14165216, mask=11100100110111111111111111111110, flags=SA_RESTART|SA_SIGINFO
   SIGTRAP: 0x00007f5e5b108b40 in libjvm.so+15571776, mask=11100100010111111101111111111110, flags=SA_RESTART|SA_SIGINFO


---------------  S Y S T E M  ---------------

OS:
PRETTY_NAME="Debian GNU/Linux 10 (buster)"
NAME="Debian GNU/Linux"
VERSION_ID="10"
VERSION="10 (buster)"
VERSION_CODENAME=buster
ID=debian
HOME_URL="https://www.debian.org/"
SUPPORT_URL="https://www.debian.org/support"
BUG_REPORT_URL="https://bugs.debian.org/"
uname: Linux 5.10.16.3-microsoft-standard-WSL2 #1 SMP Fri Apr 2 22:23:49 UTC 2021 x86_64
OS uptime: 0 days 3:21 hours
libc: glibc 2.28 NPTL 2.28 
rlimit (soft/hard): STACK 8192k/infinity , CORE 0k/infinity , NPROC infinity/infinity , NOFILE 1048576/1048576 , AS infinity/infinity , CPU infinity/infinity , DATA infinity/infinity , FSIZE infinity/infinity , MEMLOCK 82000k/82000k
load average: 4.01 1.13 0.39

/proc/meminfo:
MemTotal:       13021688 kB
MemFree:        10197928 kB
MemAvailable:   11423100 kB
Buffers:           23392 kB
Cached:          1411808 kB
SwapCached:            0 kB
Active:           231852 kB
Inactive:        2371240 kB
Active(anon):        976 kB
Inactive(anon):  1168352 kB
Active(file):     230876 kB
Inactive(file):  1202888 kB
Unevictable:           0 kB
Mlocked:               0 kB
SwapTotal:       4194304 kB
SwapFree:        4194304 kB
Dirty:             88348 kB
Writeback:             0 kB
AnonPages:       1108924 kB
Mapped:           339240 kB
Shmem:              1456 kB
KReclaimable:      54728 kB
Slab:              98724 kB
SReclaimable:      54728 kB
SUnreclaim:        43996 kB
KernelStack:       12656 kB
PageTables:        11800 kB
NFS_Unstable:          0 kB
Bounce:                0 kB
WritebackTmp:          0 kB
CommitLimit:    10705148 kB
Committed_AS:    4060944 kB
VmallocTotal:   34359738367 kB
VmallocUsed:       34492 kB
VmallocChunk:          0 kB
Percpu:             3296 kB
AnonHugePages:    468992 kB
ShmemHugePages:        0 kB
ShmemPmdMapped:        0 kB
FileHugePages:         0 kB
FilePmdMapped:         0 kB
HugePages_Total:       0
HugePages_Free:        0
HugePages_Rsvd:        0
HugePages_Surp:        0
Hugepagesize:       2048 kB
Hugetlb:               0 kB
DirectMap4k:       52224 kB
DirectMap2M:     9105408 kB
DirectMap1G:     4194304 kB

/sys/kernel/mm/transparent_hugepage/enabled: [always] madvise never
/sys/kernel/mm/transparent_hugepage/defrag (defrag/compaction efforts parameter): always defer defer+madvise [madvise] never

Process Memory:
Virtual Size: 5070048K (peak: 5074144K)
Resident Set Size: 282188K (peak: 282188K) (anon: 251776K, file: 30412K, shmem: 0K)
Swapped out: 0K
C-Heap outstanding allocations: 83789K, retained: 76746K
glibc malloc tunables: (default)

/proc/sys/kernel/threads-max (system-wide limit on the number of threads): 101698
/proc/sys/vm/max_map_count (maximum number of memory map areas a process may have): 65530
/proc/sys/kernel/pid_max (system-wide limit on number of process identifiers): 32768

container (cgroup) information:
container_type: cgroupv1
cpu_cpuset_cpus: 0-7
cpu_memory_nodes: 0
active_processor_count: 8
cpu_quota: no quota
cpu_period: 100000
cpu_shares: no shares
memory_limit_in_bytes: unlimited
memory_and_swap_limit_in_bytes: unlimited
memory_soft_limit_in_bytes: unlimited
memory_usage_in_bytes: 977016 k
memory_max_usage_in_bytes: 1089048 k
maximum number of tasks: unlimited
current number of tasks: 153

Hyper-V virtualization detected
Steal ticks since vm start: 0
Steal ticks percentage since vm start:  0.000

CPU: total 8 (initial active 8) (4 cores per cpu, 2 threads per core) family 6 model 60 stepping 3 microcode 0xffffffff, cx8, cmov, fxsr, ht, mmx, sse, sse2, sse3, ssse3, sse4.1, sse4.2, popcnt, lzcnt, tsc, avx, avx2, aes, erms, clmul, bmi1, bmi2, fma, vzeroupper, clflush, hv
CPU Model and flags from /proc/cpuinfo:
model name	: Intel(R) Core(TM) i7-4700HQ CPU @ 2.40GHz
flags		: fpu vme de pse tsc msr pae mce cx8 apic sep mtrr pge mca cmov pat pse36 clflush mmx fxsr sse sse2 ss ht syscall nx pdpe1gb rdtscp lm constant_tsc rep_good nopl xtopology cpuid pni pclmulqdq ssse3 fma cx16 pcid sse4_1 sse4_2 movbe popcnt aes xsave avx f16c rdrand hypervisor lahf_lm abm invpcid_single pti ssbd ibrs ibpb stibp fsgsbase bmi1 avx2 smep bmi2 erms invpcid xsaveopt flush_l1d arch_capabilities

Online cpus: 0-7
Offline cpus: 
BIOS frequency limitation: <Not Available>
Frequency switch latency (ns): <Not Available>
Available cpu frequencies: <Not Available>
Current governor: <Not Available>
Core performance/turbo boost: <Not Available>

Memory: 4k page, physical 13021688k(10191360k free), swap 4194304k(4194304k free)
Page Sizes: 4k

vm_info: OpenJDK 64-Bit Server VM (17.0.4.1+1) for linux-amd64 JRE (17.0.4.1+1), built on Aug 12 2022 00:00:00 by "temurin" with gcc 10.3.0

END.
